{"timestamp":"2026-02-05T17:00:55.997499Z","level":"INFO","message":"Connected to server at: 127.0.0.1:17892","target":"psyche_network::tcp"}
{"timestamp":"2026-02-05T17:00:56.112270Z","level":"INFO","message":"home is now relay https://use1-1.relay.nousresearch.psyche.iroh.link./, was None","target":"iroh::magicsock::transports::relay::actor","span":{"name":"relay-actor"},"spans":[{"name":"relay-actor"}]}
{"timestamp":"2026-02-05T17:00:56.112304Z","level":"INFO","message":"Our endpoint ID: 4a1e56c69895432f6291e8071c232fa145f56fa1e538c217ec67216d75c19a5c","target":"psyche_network"}
{"timestamp":"2026-02-05T17:00:56.112516Z","level":"INFO","message":"Connected!","target":"psyche_network"}
{"timestamp":"2026-02-05T17:00:56.113296Z","level":"INFO","message":"Received training assignment","matformer_tier":0,"target":"psyche_centralized_client::app"}
{"timestamp":"2026-02-05T17:00:56.450812Z","level":"INFO","message":"applying state epoch 0 step 1 ( -  -> Warmup)","integration_test_log_marker":"state_change","client_id":"4a1e56c698","old_state":" - ","new_state":"Warmup","epoch":0,"step":1,"target":"psyche_client::client"}
{"timestamp":"2026-02-05T17:00:56.451957Z","level":"INFO","message":"Loaded 2 files (400002048) of training data from directory /opt/psyche/data/fineweb10B","target":"psyche_data_provider::local"}
{"timestamp":"2026-02-05T17:00:56.451990Z","level":"INFO","message":"File Some(\"train.bin\"): modded-nanogpt format (version=1, tokens=100000000)","target":"psyche_data_provider::local"}
{"timestamp":"2026-02-05T17:00:56.452008Z","level":"INFO","message":"File Some(\"val.bin\"): modded-nanogpt format (version=1, tokens=100000000)","target":"psyche_data_provider::local"}
{"timestamp":"2026-02-05T17:00:56.464776Z","level":"INFO","message":"[init_run] No wandb info provided. Will continue training without it.","target":"psyche_client::state::init"}
{"timestamp":"2026-02-05T17:00:56.695193Z","level":"INFO","message":"Finished downloading file from hub","filename":"config.json","duration_secs":0.00013288100308272988,"target":"psyche_data_provider::hub"}
{"timestamp":"2026-02-05T17:00:56.695276Z","level":"INFO","message":"Finished downloading file from hub","filename":"model.safetensors","duration_secs":0.000049374000809621066,"target":"psyche_data_provider::hub"}
{"timestamp":"2026-02-05T17:00:56.695331Z","level":"INFO","message":"Finished downloading file from hub","filename":"special_tokens_map.json","duration_secs":0.000043973999709123746,"target":"psyche_data_provider::hub"}
{"timestamp":"2026-02-05T17:00:56.695380Z","level":"INFO","message":"Finished downloading file from hub","filename":"tokenizer.json","duration_secs":0.00004024599911645055,"target":"psyche_data_provider::hub"}
{"timestamp":"2026-02-05T17:00:56.695432Z","level":"INFO","message":"Finished downloading file from hub","filename":"tokenizer_config.json","duration_secs":0.00004268100019544363,"target":"psyche_data_provider::hub"}
{"timestamp":"2026-02-05T17:00:56.695482Z","level":"INFO","message":"Finished downloading file from hub","filename":"vocab.json","duration_secs":0.00004193000131635927,"target":"psyche_data_provider::hub"}
{"timestamp":"2026-02-05T17:00:56.697336Z","level":"INFO","message":"Resolved checkpoint plugyawn/nanogpt-124m-init, revision: None","target":"psyche_client::state::init"}
{"timestamp":"2026-02-05T17:00:56.839530Z","level":"INFO","message":"Loading model...","target":"psyche_client::state::init"}
{"timestamp":"2026-02-05T17:00:56.839878Z","level":"INFO","message":"Model tasks loaded successfully","target":"psyche_client::state::evals"}
{"timestamp":"2026-02-05T17:01:04.637930Z","level":"INFO","message":"loaded_model","integration_test_log_marker":"loaded_model","checkpoint":"plugyawn/nanogpt-124m-init","gpus":1,"dp":1,"tp":1,"matformer_tier":0,"matformer_effective_tier":0,"matformer_load_strategy":"Auto","matformer_uses_sliced_checkpoint":false,"matformer_checkpoint_path":"plugyawn/nanogpt-124m-init","hidden_size":768,"intermediate_size":3072,"intermediate_size_active":3072,"num_hidden_layers":12,"vocab_size":50257,"target":"psyche_client::state::init"}

╔══════════════════════════════════════════════════════════════════╗
║                      MATFORMER CONFIGURATION                     ║
╠══════════════════════════════════════════════════════════════════╣
║  Checkpoint:       plugyawn/nanogpt-124m-init                    ║
║  Load strategy:    Auto                                          ║
║  Sliced checkpoint: No                                           ║
╠══════════════════════════════════════════════════════════════════╣
║  CLI tier:         0                                             ║
║  Effective tier:   0 ✓                                           ║
║  Helper mode:      Disabled                                      ║
╠══════════════════════════════════════════════════════════════════╣
║  FFN width:        3072 / 3072 (100%)                            ║
╚══════════════════════════════════════════════════════════════════╝

{"timestamp":"2026-02-05T17:01:05.114364Z","level":"INFO","message":"Sending warmup ready broadcast","epoch":0,"target":"psyche_client::state::steps"}
{"timestamp":"2026-02-05T17:01:05.114640Z","level":"INFO","message":"Received 1/1 warmup readies","target":"psyche_client::state::steps"}
{"timestamp":"2026-02-05T17:01:05.614981Z","level":"INFO","message":"Sending warmup witness","epoch":0,"target":"psyche_client::state::steps"}
{"timestamp":"2026-02-05T17:01:05.615638Z","level":"INFO","message":"applying state epoch 0 step 1 (Warmup -> Training)","integration_test_log_marker":"state_change","client_id":"4a1e56c698","old_state":"Warmup","new_state":"Training","epoch":0,"step":1,"target":"psyche_client::client"}
{"timestamp":"2026-02-05T17:01:05.615778Z","level":"INFO","message":"deleting tags from Some(Tag(\"model-\")) to Some(Tag(\"model.\"))","target":"iroh_blobs::store::mem"}
{"timestamp":"2026-02-05T17:01:05.616077Z","level":"INFO","message":"Got training assignment for step 1 (round 0/epoch 0): index=0 committee position=0 committee=Trainer witness position=0 witness=true warmup_lr_between=None","integration_test_log_marker":"witness_elected","step":1,"round":0,"epoch":0,"index":0,"comittee_position":0,"committee":"Trainer","witness_position":0,"witness":"true","matformer_tier":0,"warmup_lr_between":"None","assigned_batches":"[B[0, 15]]","target":"psyche_client::state::train"}
{"timestamp":"2026-02-05T17:01:07.319560Z","level":"INFO","message":"Broadcasting payload batch id B[0, 15] hash 0x60f4f405aa250d13b3ddb9d1788945e3abdf857d3513afa366c5b5de0b10b0ac","client_id":"4a1e56c698","step":1,"target":"psyche_client::client"}
{"timestamp":"2026-02-05T17:01:08.114401Z","level":"INFO","message":"Submitting witness blooms","target":"psyche_client::state::witness"}
{"timestamp":"2026-02-05T17:01:08.114466Z","level":"INFO","message":"Sending opportunistic witness","id":"4a1e56c698","merkle":"20ce9aceb4","target":"witness"}
{"timestamp":"2026-02-05T17:01:08.115112Z","level":"INFO","message":"applying state epoch 0 step 1 (Training -> Witness)","integration_test_log_marker":"state_change","client_id":"4a1e56c698","old_state":"Training","new_state":"Witness","epoch":0,"step":1,"target":"psyche_client::client"}
{"timestamp":"2026-02-05T17:01:08.115205Z","level":"INFO","message":"client_loss","integration_test_log_marker":"loss","client_id":"4a1e56c698","epoch":0,"step":1,"matformer_tier":0,"trained_batches":1,"loss":10.99788761138916,"target":"psyche_client::state::steps"}
{"timestamp":"2026-02-05T17:01:28.450026Z","level":"INFO","message":"applying state epoch 0 step 2 (Witness -> Training)","integration_test_log_marker":"state_change","client_id":"4a1e56c698","old_state":"Witness","new_state":"Training","epoch":0,"step":2,"target":"psyche_client::client"}
{"timestamp":"2026-02-05T17:01:28.450136Z","level":"INFO","message":"deleting tags from Some(Tag(\"model-\")) to Some(Tag(\"model.\"))","target":"iroh_blobs::store::mem"}
{"timestamp":"2026-02-05T17:01:28.450444Z","level":"INFO","message":"Got training assignment for step 2 (round 1/epoch 0): index=0 committee position=0 committee=Trainer witness position=0 witness=true warmup_lr_between=None","integration_test_log_marker":"witness_elected","step":2,"round":1,"epoch":0,"index":0,"comittee_position":0,"committee":"Trainer","witness_position":0,"witness":"true","matformer_tier":0,"warmup_lr_between":"None","assigned_batches":"[B[16, 31]]","target":"psyche_client::state::train"}
{"timestamp":"2026-02-05T17:01:30.008735Z","level":"INFO","message":"Broadcasting payload batch id B[16, 31] hash 0x20104cf3eb978b33baa379c0a69785253797e7476210685b309bf495e8745547","client_id":"4a1e56c698","step":2,"target":"psyche_client::client"}
{"timestamp":"2026-02-05T17:01:30.698642Z","level":"INFO","message":"Submitting witness blooms","target":"psyche_client::state::witness"}
{"timestamp":"2026-02-05T17:01:30.698776Z","level":"INFO","message":"Sending opportunistic witness","id":"4a1e56c698","merkle":"918be9d8a8","target":"witness"}
{"timestamp":"2026-02-05T17:01:30.701926Z","level":"INFO","message":"applying state epoch 0 step 2 (Training -> Witness)","integration_test_log_marker":"state_change","client_id":"4a1e56c698","old_state":"Training","new_state":"Witness","epoch":0,"step":2,"target":"psyche_client::client"}
{"timestamp":"2026-02-05T17:01:30.702038Z","level":"INFO","message":"client_loss","integration_test_log_marker":"loss","client_id":"4a1e56c698","epoch":0,"step":2,"matformer_tier":0,"trained_batches":1,"loss":10.032848358154297,"target":"psyche_client::state::steps"}
{"timestamp":"2026-02-05T17:01:50.450479Z","level":"INFO","message":"applying state epoch 0 step 3 (Witness -> Training)","integration_test_log_marker":"state_change","client_id":"4a1e56c698","old_state":"Witness","new_state":"Training","epoch":0,"step":3,"target":"psyche_client::client"}
{"timestamp":"2026-02-05T17:01:50.450582Z","level":"INFO","message":"deleting tags from Some(Tag(\"model-\")) to Some(Tag(\"model.\"))","target":"iroh_blobs::store::mem"}
{"timestamp":"2026-02-05T17:01:50.452785Z","level":"INFO","message":"Got training assignment for step 3 (round 2/epoch 0): index=0 committee position=0 committee=Trainer witness position=0 witness=true warmup_lr_between=None","integration_test_log_marker":"witness_elected","step":3,"round":2,"epoch":0,"index":0,"comittee_position":0,"committee":"Trainer","witness_position":0,"witness":"true","matformer_tier":0,"warmup_lr_between":"None","assigned_batches":"[B[32, 47]]","target":"psyche_client::state::train"}
{"timestamp":"2026-02-05T17:01:50.474821Z","level":"INFO","message":"grad_diag_full","param_name":"model.layers.0.mlp.down_proj.weight","param_index":3,"num_peers":1,"tier2_weight_sum":0.0,"g0_norm":67.92425537109375,"gagg_norm":67.92012786865234,"delta_norm":0.0,"delta_rel":0.0,"cos_g0_gagg":0.9999391871431106,"gt2_norm":0.0,"cos_g0_t2":0.0,"target":"psyche_modeling::distro"}
{"timestamp":"2026-02-05T17:01:51.491376Z","level":"INFO","message":"Broadcasting payload batch id B[32, 47] hash 0xdbc8422b97ca98c7d66bc52f8aa92ea1b42f9e00c2d91d7b51be563a9dca7935","client_id":"4a1e56c698","step":3,"target":"psyche_client::client"}
{"timestamp":"2026-02-05T17:01:52.114030Z","level":"INFO","message":"Submitting witness blooms","target":"psyche_client::state::witness"}
{"timestamp":"2026-02-05T17:01:52.114116Z","level":"INFO","message":"Sending opportunistic witness","id":"4a1e56c698","merkle":"d1da8b5771","target":"witness"}
{"timestamp":"2026-02-05T17:01:52.114870Z","level":"INFO","message":"applying state epoch 0 step 3 (Training -> Witness)","integration_test_log_marker":"state_change","client_id":"4a1e56c698","old_state":"Training","new_state":"Witness","epoch":0,"step":3,"target":"psyche_client::client"}
{"timestamp":"2026-02-05T17:01:52.115000Z","level":"INFO","message":"client_loss","integration_test_log_marker":"loss","client_id":"4a1e56c698","epoch":0,"step":3,"matformer_tier":0,"trained_batches":1,"loss":7.832079887390137,"target":"psyche_client::state::steps"}
{"timestamp":"2026-02-05T17:02:12.450623Z","level":"INFO","message":"applying state epoch 0 step 4 (Witness -> Training)","integration_test_log_marker":"state_change","client_id":"4a1e56c698","old_state":"Witness","new_state":"Training","epoch":0,"step":4,"target":"psyche_client::client"}
{"timestamp":"2026-02-05T17:02:12.450798Z","level":"INFO","message":"deleting tags from Some(Tag(\"model-\")) to Some(Tag(\"model.\"))","target":"iroh_blobs::store::mem"}
{"timestamp":"2026-02-05T17:02:12.450850Z","level":"INFO","message":"deleting tags from Some(Tag(\"distro-result_1\")) to Some(Tag(\"distro-result_1\u0000\"))","target":"iroh_blobs::store::mem"}
{"timestamp":"2026-02-05T17:02:12.450865Z","level":"INFO","message":"    removing Tag(\"distro-result_1\")","target":"iroh_blobs::store::mem"}
{"timestamp":"2026-02-05T17:02:12.451850Z","level":"INFO","message":"Got training assignment for step 4 (round 3/epoch 0): index=0 committee position=0 committee=Trainer witness position=0 witness=true warmup_lr_between=None","integration_test_log_marker":"witness_elected","step":4,"round":3,"epoch":0,"index":0,"comittee_position":0,"committee":"Trainer","witness_position":0,"witness":"true","matformer_tier":0,"warmup_lr_between":"None","assigned_batches":"[B[48, 63]]","target":"psyche_client::state::train"}
{"timestamp":"2026-02-05T17:02:12.458942Z","level":"INFO","message":"grad_diag_full","param_name":"model.layers.0.mlp.down_proj.weight","param_index":3,"num_peers":1,"tier2_weight_sum":0.0,"g0_norm":67.94268035888672,"gagg_norm":67.93866729736328,"delta_norm":0.0,"delta_rel":0.0,"cos_g0_gagg":0.9999408469119985,"gt2_norm":0.0,"cos_g0_t2":0.0,"target":"psyche_modeling::distro"}
{"timestamp":"2026-02-05T17:02:13.453074Z","level":"INFO","message":"Broadcasting payload batch id B[48, 63] hash 0xeed9f7ae77543bad097e354da9d3c5f0b6f69d01ef8084ef0cdf17859cddb092","client_id":"4a1e56c698","step":4,"target":"psyche_client::client"}
{"timestamp":"2026-02-05T17:02:14.114433Z","level":"INFO","message":"Submitting witness blooms","target":"psyche_client::state::witness"}
{"timestamp":"2026-02-05T17:02:14.114522Z","level":"INFO","message":"Sending opportunistic witness","id":"4a1e56c698","merkle":"fbae05513f","target":"witness"}
{"timestamp":"2026-02-05T17:02:14.115133Z","level":"INFO","message":"applying state epoch 0 step 4 (Training -> Witness)","integration_test_log_marker":"state_change","client_id":"4a1e56c698","old_state":"Training","new_state":"Witness","epoch":0,"step":4,"target":"psyche_client::client"}
{"timestamp":"2026-02-05T17:02:14.115290Z","level":"INFO","message":"client_loss","integration_test_log_marker":"loss","client_id":"4a1e56c698","epoch":0,"step":4,"matformer_tier":0,"trained_batches":1,"loss":7.082479953765869,"target":"psyche_client::state::steps"}
{"timestamp":"2026-02-05T17:02:34.450172Z","level":"INFO","message":"applying state epoch 0 step 5 (Witness -> Training)","integration_test_log_marker":"state_change","client_id":"4a1e56c698","old_state":"Witness","new_state":"Training","epoch":0,"step":5,"target":"psyche_client::client"}
{"timestamp":"2026-02-05T17:02:34.450307Z","level":"INFO","message":"deleting tags from Some(Tag(\"model-\")) to Some(Tag(\"model.\"))","target":"iroh_blobs::store::mem"}
{"timestamp":"2026-02-05T17:02:34.450354Z","level":"INFO","message":"deleting tags from Some(Tag(\"distro-result_2\")) to Some(Tag(\"distro-result_2\u0000\"))","target":"iroh_blobs::store::mem"}
{"timestamp":"2026-02-05T17:02:34.450366Z","level":"INFO","message":"    removing Tag(\"distro-result_2\")","target":"iroh_blobs::store::mem"}
{"timestamp":"2026-02-05T17:02:34.451800Z","level":"INFO","message":"Got training assignment for step 5 (round 4/epoch 0): index=0 committee position=0 committee=Trainer witness position=0 witness=true warmup_lr_between=None","integration_test_log_marker":"witness_elected","step":5,"round":4,"epoch":0,"index":0,"comittee_position":0,"committee":"Trainer","witness_position":0,"witness":"true","matformer_tier":0,"warmup_lr_between":"None","assigned_batches":"[B[64, 79]]","target":"psyche_client::state::train"}
{"timestamp":"2026-02-05T17:02:34.458442Z","level":"INFO","message":"grad_diag_full","param_name":"model.layers.0.mlp.down_proj.weight","param_index":3,"num_peers":1,"tier2_weight_sum":0.0,"g0_norm":67.93830871582031,"gagg_norm":67.93414306640625,"delta_norm":0.0,"delta_rel":0.0,"cos_g0_gagg":0.9999386972589932,"gt2_norm":0.0,"cos_g0_t2":0.0,"target":"psyche_modeling::distro"}
{"timestamp":"2026-02-05T17:02:35.459981Z","level":"INFO","message":"Broadcasting payload batch id B[64, 79] hash 0x1d8403683b2d6ade75962465201f650e2ac8cbf40ca7586c3a8238767f2536fd","client_id":"4a1e56c698","step":5,"target":"psyche_client::client"}
{"timestamp":"2026-02-05T17:02:36.114150Z","level":"INFO","message":"Submitting witness blooms","target":"psyche_client::state::witness"}
{"timestamp":"2026-02-05T17:02:36.114250Z","level":"INFO","message":"Sending opportunistic witness","id":"4a1e56c698","merkle":"f48495497e","target":"witness"}
{"timestamp":"2026-02-05T17:02:36.115097Z","level":"INFO","message":"applying state epoch 0 step 5 (Training -> Witness)","integration_test_log_marker":"state_change","client_id":"4a1e56c698","old_state":"Training","new_state":"Witness","epoch":0,"step":5,"target":"psyche_client::client"}
{"timestamp":"2026-02-05T17:02:36.115247Z","level":"INFO","message":"client_loss","integration_test_log_marker":"loss","client_id":"4a1e56c698","epoch":0,"step":5,"matformer_tier":0,"trained_batches":1,"loss":8.003721237182617,"target":"psyche_client::state::steps"}
{"timestamp":"2026-02-05T17:02:56.450831Z","level":"INFO","message":"applying state epoch 0 step 6 (Witness -> Training)","integration_test_log_marker":"state_change","client_id":"4a1e56c698","old_state":"Witness","new_state":"Training","epoch":0,"step":6,"target":"psyche_client::client"}
{"timestamp":"2026-02-05T17:02:56.450955Z","level":"INFO","message":"deleting tags from Some(Tag(\"model-\")) to Some(Tag(\"model.\"))","target":"iroh_blobs::store::mem"}
{"timestamp":"2026-02-05T17:02:56.451002Z","level":"INFO","message":"deleting tags from Some(Tag(\"distro-result_3\")) to Some(Tag(\"distro-result_3\u0000\"))","target":"iroh_blobs::store::mem"}
{"timestamp":"2026-02-05T17:02:56.451013Z","level":"INFO","message":"    removing Tag(\"distro-result_3\")","target":"iroh_blobs::store::mem"}
{"timestamp":"2026-02-05T17:02:56.452579Z","level":"INFO","message":"Got training assignment for step 6 (round 5/epoch 0): index=0 committee position=0 committee=Trainer witness position=0 witness=true warmup_lr_between=None","integration_test_log_marker":"witness_elected","step":6,"round":5,"epoch":0,"index":0,"comittee_position":0,"committee":"Trainer","witness_position":0,"witness":"true","matformer_tier":0,"warmup_lr_between":"None","assigned_batches":"[B[80, 95]]","target":"psyche_client::state::train"}
{"timestamp":"2026-02-05T17:02:56.459188Z","level":"INFO","message":"grad_diag_full","param_name":"model.layers.0.mlp.down_proj.weight","param_index":3,"num_peers":1,"tier2_weight_sum":0.0,"g0_norm":67.93649291992188,"gagg_norm":67.93240356445312,"delta_norm":0.0,"delta_rel":0.0,"cos_g0_gagg":0.9999398212392063,"gt2_norm":0.0,"cos_g0_t2":0.0,"target":"psyche_modeling::distro"}
{"timestamp":"2026-02-05T17:02:57.453025Z","level":"INFO","message":"Broadcasting payload batch id B[80, 95] hash 0x0d13db27d3f74d33f08b8340c8c532eb3842cabc881bbf5ceff6ff3bd7cf2091","client_id":"4a1e56c698","step":6,"target":"psyche_client::client"}
{"timestamp":"2026-02-05T17:02:58.114249Z","level":"INFO","message":"Submitting witness blooms","target":"psyche_client::state::witness"}
{"timestamp":"2026-02-05T17:02:58.114305Z","level":"INFO","message":"Sending opportunistic witness","id":"4a1e56c698","merkle":"6709111fb6","target":"witness"}
{"timestamp":"2026-02-05T17:02:58.115214Z","level":"INFO","message":"applying state epoch 0 step 6 (Training -> Witness)","integration_test_log_marker":"state_change","client_id":"4a1e56c698","old_state":"Training","new_state":"Witness","epoch":0,"step":6,"target":"psyche_client::client"}
{"timestamp":"2026-02-05T17:02:58.115407Z","level":"INFO","message":"client_loss","integration_test_log_marker":"loss","client_id":"4a1e56c698","epoch":0,"step":6,"matformer_tier":0,"trained_batches":1,"loss":9.033448219299316,"target":"psyche_client::state::steps"}
{"timestamp":"2026-02-05T17:03:18.449878Z","level":"INFO","message":"applying state epoch 0 step 7 (Witness -> Training)","integration_test_log_marker":"state_change","client_id":"4a1e56c698","old_state":"Witness","new_state":"Training","epoch":0,"step":7,"target":"psyche_client::client"}
{"timestamp":"2026-02-05T17:03:18.449980Z","level":"INFO","message":"deleting tags from Some(Tag(\"model-\")) to Some(Tag(\"model.\"))","target":"iroh_blobs::store::mem"}
{"timestamp":"2026-02-05T17:03:18.450029Z","level":"INFO","message":"deleting tags from Some(Tag(\"distro-result_4\")) to Some(Tag(\"distro-result_4\u0000\"))","target":"iroh_blobs::store::mem"}
{"timestamp":"2026-02-05T17:03:18.450041Z","level":"INFO","message":"    removing Tag(\"distro-result_4\")","target":"iroh_blobs::store::mem"}
{"timestamp":"2026-02-05T17:03:18.451515Z","level":"INFO","message":"Got training assignment for step 7 (round 6/epoch 0): index=0 committee position=0 committee=Trainer witness position=0 witness=true warmup_lr_between=None","integration_test_log_marker":"witness_elected","step":7,"round":6,"epoch":0,"index":0,"comittee_position":0,"committee":"Trainer","witness_position":0,"witness":"true","matformer_tier":0,"warmup_lr_between":"None","assigned_batches":"[B[96, 111]]","target":"psyche_client::state::train"}
{"timestamp":"2026-02-05T17:03:18.458108Z","level":"INFO","message":"grad_diag_full","param_name":"model.layers.0.mlp.down_proj.weight","param_index":3,"num_peers":1,"tier2_weight_sum":0.0,"g0_norm":67.93521881103516,"gagg_norm":67.93108367919922,"delta_norm":0.0,"delta_rel":0.0,"cos_g0_gagg":0.999939173371994,"gt2_norm":0.0,"cos_g0_t2":0.0,"target":"psyche_modeling::distro"}
{"timestamp":"2026-02-05T17:03:19.447868Z","level":"INFO","message":"Broadcasting payload batch id B[96, 111] hash 0xb8b52a5c842a55b9759516bd2f8e447051cb29816540456a15faf7279bf1e435","client_id":"4a1e56c698","step":7,"target":"psyche_client::client"}
{"timestamp":"2026-02-05T17:03:20.114637Z","level":"INFO","message":"Submitting witness blooms","target":"psyche_client::state::witness"}
{"timestamp":"2026-02-05T17:03:20.114784Z","level":"INFO","message":"Sending opportunistic witness","id":"4a1e56c698","merkle":"19753ca92b","target":"witness"}
{"timestamp":"2026-02-05T17:03:20.115563Z","level":"INFO","message":"applying state epoch 0 step 7 (Training -> Witness)","integration_test_log_marker":"state_change","client_id":"4a1e56c698","old_state":"Training","new_state":"Witness","epoch":0,"step":7,"target":"psyche_client::client"}
{"timestamp":"2026-02-05T17:03:20.115730Z","level":"INFO","message":"client_loss","integration_test_log_marker":"loss","client_id":"4a1e56c698","epoch":0,"step":7,"matformer_tier":0,"trained_batches":1,"loss":8.905633926391602,"target":"psyche_client::state::steps"}
{"timestamp":"2026-02-05T17:03:40.450188Z","level":"INFO","message":"applying state epoch 0 step 8 (Witness -> Training)","integration_test_log_marker":"state_change","client_id":"4a1e56c698","old_state":"Witness","new_state":"Training","epoch":0,"step":8,"target":"psyche_client::client"}
{"timestamp":"2026-02-05T17:03:40.450307Z","level":"INFO","message":"deleting tags from Some(Tag(\"model-\")) to Some(Tag(\"model.\"))","target":"iroh_blobs::store::mem"}
{"timestamp":"2026-02-05T17:03:40.450356Z","level":"INFO","message":"deleting tags from Some(Tag(\"distro-result_5\")) to Some(Tag(\"distro-result_5\u0000\"))","target":"iroh_blobs::store::mem"}
{"timestamp":"2026-02-05T17:03:40.450388Z","level":"INFO","message":"    removing Tag(\"distro-result_5\")","target":"iroh_blobs::store::mem"}
{"timestamp":"2026-02-05T17:03:40.451964Z","level":"INFO","message":"Got training assignment for step 8 (round 7/epoch 0): index=0 committee position=0 committee=Trainer witness position=0 witness=true warmup_lr_between=None","integration_test_log_marker":"witness_elected","step":8,"round":7,"epoch":0,"index":0,"comittee_position":0,"committee":"Trainer","witness_position":0,"witness":"true","matformer_tier":0,"warmup_lr_between":"None","assigned_batches":"[B[112, 127]]","target":"psyche_client::state::train"}
{"timestamp":"2026-02-05T17:03:40.459074Z","level":"INFO","message":"grad_diag_full","param_name":"model.layers.0.mlp.down_proj.weight","param_index":3,"num_peers":1,"tier2_weight_sum":0.0,"g0_norm":67.93573760986328,"gagg_norm":67.93153381347656,"delta_norm":0.0,"delta_rel":0.0,"cos_g0_gagg":0.9999381368318749,"gt2_norm":0.0,"cos_g0_t2":0.0,"target":"psyche_modeling::distro"}
{"timestamp":"2026-02-05T17:03:41.477144Z","level":"INFO","message":"Broadcasting payload batch id B[112, 127] hash 0x0d20ae352729439ba567e495150e9d56dad4f26df5bcdee8c80acc907972ef56","client_id":"4a1e56c698","step":8,"target":"psyche_client::client"}
{"timestamp":"2026-02-05T17:03:42.114059Z","level":"INFO","message":"Submitting witness blooms","target":"psyche_client::state::witness"}
{"timestamp":"2026-02-05T17:03:42.114139Z","level":"INFO","message":"Sending opportunistic witness","id":"4a1e56c698","merkle":"c0c788b3bb","target":"witness"}
{"timestamp":"2026-02-05T17:03:42.114979Z","level":"INFO","message":"applying state epoch 0 step 8 (Training -> Witness)","integration_test_log_marker":"state_change","client_id":"4a1e56c698","old_state":"Training","new_state":"Witness","epoch":0,"step":8,"target":"psyche_client::client"}
{"timestamp":"2026-02-05T17:03:42.115165Z","level":"INFO","message":"client_loss","integration_test_log_marker":"loss","client_id":"4a1e56c698","epoch":0,"step":8,"matformer_tier":0,"trained_batches":1,"loss":8.51164436340332,"target":"psyche_client::state::steps"}
{"timestamp":"2026-02-05T17:04:02.449992Z","level":"INFO","message":"applying state epoch 0 step 9 (Witness -> Training)","integration_test_log_marker":"state_change","client_id":"4a1e56c698","old_state":"Witness","new_state":"Training","epoch":0,"step":9,"target":"psyche_client::client"}
{"timestamp":"2026-02-05T17:04:02.450092Z","level":"INFO","message":"deleting tags from Some(Tag(\"model-\")) to Some(Tag(\"model.\"))","target":"iroh_blobs::store::mem"}
{"timestamp":"2026-02-05T17:04:02.450141Z","level":"INFO","message":"deleting tags from Some(Tag(\"distro-result_6\")) to Some(Tag(\"distro-result_6\u0000\"))","target":"iroh_blobs::store::mem"}
{"timestamp":"2026-02-05T17:04:02.450153Z","level":"INFO","message":"    removing Tag(\"distro-result_6\")","target":"iroh_blobs::store::mem"}
{"timestamp":"2026-02-05T17:04:02.452196Z","level":"INFO","message":"Got training assignment for step 9 (round 8/epoch 0): index=0 committee position=0 committee=Trainer witness position=0 witness=true warmup_lr_between=None","integration_test_log_marker":"witness_elected","step":9,"round":8,"epoch":0,"index":0,"comittee_position":0,"committee":"Trainer","witness_position":0,"witness":"true","matformer_tier":0,"warmup_lr_between":"None","assigned_batches":"[B[128, 143]]","target":"psyche_client::state::train"}
{"timestamp":"2026-02-05T17:04:02.459451Z","level":"INFO","message":"grad_diag_full","param_name":"model.layers.0.mlp.down_proj.weight","param_index":3,"num_peers":1,"tier2_weight_sum":0.0,"g0_norm":67.93257904052734,"gagg_norm":67.92842864990234,"delta_norm":0.0,"delta_rel":0.0,"cos_g0_gagg":0.9999389184690186,"gt2_norm":0.0,"cos_g0_t2":0.0,"target":"psyche_modeling::distro"}
{"timestamp":"2026-02-05T17:04:03.497061Z","level":"INFO","message":"Broadcasting payload batch id B[128, 143] hash 0x4c740d49da29ade7b73d9dcb1372bdeab0c095d9161abb700bc41e89e3d36491","client_id":"4a1e56c698","step":9,"target":"psyche_client::client"}
{"timestamp":"2026-02-05T17:04:04.114660Z","level":"INFO","message":"Submitting witness blooms","target":"psyche_client::state::witness"}
{"timestamp":"2026-02-05T17:04:04.114801Z","level":"INFO","message":"Sending opportunistic witness","id":"4a1e56c698","merkle":"974b673d81","target":"witness"}
{"timestamp":"2026-02-05T17:04:04.115412Z","level":"INFO","message":"applying state epoch 0 step 9 (Training -> Witness)","integration_test_log_marker":"state_change","client_id":"4a1e56c698","old_state":"Training","new_state":"Witness","epoch":0,"step":9,"target":"psyche_client::client"}
{"timestamp":"2026-02-05T17:04:04.115512Z","level":"INFO","message":"client_loss","integration_test_log_marker":"loss","client_id":"4a1e56c698","epoch":0,"step":9,"matformer_tier":0,"trained_batches":1,"loss":8.239965438842773,"target":"psyche_client::state::steps"}
{"timestamp":"2026-02-05T17:04:24.450011Z","level":"INFO","message":"applying state epoch 0 step 10 (Witness -> Training)","integration_test_log_marker":"state_change","client_id":"4a1e56c698","old_state":"Witness","new_state":"Training","epoch":0,"step":10,"target":"psyche_client::client"}
{"timestamp":"2026-02-05T17:04:24.450117Z","level":"INFO","message":"deleting tags from Some(Tag(\"model-\")) to Some(Tag(\"model.\"))","target":"iroh_blobs::store::mem"}
{"timestamp":"2026-02-05T17:04:24.450165Z","level":"INFO","message":"deleting tags from Some(Tag(\"distro-result_7\")) to Some(Tag(\"distro-result_7\u0000\"))","target":"iroh_blobs::store::mem"}
{"timestamp":"2026-02-05T17:04:24.450177Z","level":"INFO","message":"    removing Tag(\"distro-result_7\")","target":"iroh_blobs::store::mem"}
{"timestamp":"2026-02-05T17:04:24.451841Z","level":"INFO","message":"Got training assignment for step 10 (round 9/epoch 0): index=0 committee position=0 committee=Trainer witness position=0 witness=true warmup_lr_between=None","integration_test_log_marker":"witness_elected","step":10,"round":9,"epoch":0,"index":0,"comittee_position":0,"committee":"Trainer","witness_position":0,"witness":"true","matformer_tier":0,"warmup_lr_between":"None","assigned_batches":"[B[144, 159]]","target":"psyche_client::state::train"}
{"timestamp":"2026-02-05T17:04:24.458463Z","level":"INFO","message":"grad_diag_full","param_name":"model.layers.0.mlp.down_proj.weight","param_index":3,"num_peers":1,"tier2_weight_sum":0.0,"g0_norm":67.92949676513672,"gagg_norm":67.92532348632812,"delta_norm":0.0,"delta_rel":0.0,"cos_g0_gagg":0.9999384671098438,"gt2_norm":0.0,"cos_g0_t2":0.0,"target":"psyche_modeling::distro"}
{"timestamp":"2026-02-05T17:04:25.457742Z","level":"INFO","message":"Broadcasting payload batch id B[144, 159] hash 0x53432534669b992c036ecb7596e142ad6dc828beac70e4e5b091d8815fa972e3","client_id":"4a1e56c698","step":10,"target":"psyche_client::client"}
{"timestamp":"2026-02-05T17:04:26.114204Z","level":"INFO","message":"Submitting witness blooms","target":"psyche_client::state::witness"}
{"timestamp":"2026-02-05T17:04:26.114251Z","level":"INFO","message":"Sending opportunistic witness","id":"4a1e56c698","merkle":"ff94282945","target":"witness"}
{"timestamp":"2026-02-05T17:04:26.114975Z","level":"INFO","message":"applying state epoch 0 step 10 (Training -> Witness)","integration_test_log_marker":"state_change","client_id":"4a1e56c698","old_state":"Training","new_state":"Witness","epoch":0,"step":10,"target":"psyche_client::client"}
{"timestamp":"2026-02-05T17:04:26.115142Z","level":"INFO","message":"client_loss","integration_test_log_marker":"loss","client_id":"4a1e56c698","epoch":0,"step":10,"matformer_tier":0,"trained_batches":1,"loss":7.6544928550720215,"target":"psyche_client::state::steps"}
{"timestamp":"2026-02-05T17:04:46.450681Z","level":"INFO","message":"applying state epoch 0 step 11 (Witness -> Training)","integration_test_log_marker":"state_change","client_id":"4a1e56c698","old_state":"Witness","new_state":"Training","epoch":0,"step":11,"target":"psyche_client::client"}
{"timestamp":"2026-02-05T17:04:46.450808Z","level":"INFO","message":"deleting tags from Some(Tag(\"model-\")) to Some(Tag(\"model.\"))","target":"iroh_blobs::store::mem"}
{"timestamp":"2026-02-05T17:04:46.450874Z","level":"INFO","message":"deleting tags from Some(Tag(\"distro-result_8\")) to Some(Tag(\"distro-result_8\u0000\"))","target":"iroh_blobs::store::mem"}
{"timestamp":"2026-02-05T17:04:46.450886Z","level":"INFO","message":"    removing Tag(\"distro-result_8\")","target":"iroh_blobs::store::mem"}
{"timestamp":"2026-02-05T17:04:46.451806Z","level":"INFO","message":"Got training assignment for step 11 (round 10/epoch 0): index=0 committee position=0 committee=Trainer witness position=0 witness=true warmup_lr_between=None","integration_test_log_marker":"witness_elected","step":11,"round":10,"epoch":0,"index":0,"comittee_position":0,"committee":"Trainer","witness_position":0,"witness":"true","matformer_tier":0,"warmup_lr_between":"None","assigned_batches":"[B[160, 175]]","target":"psyche_client::state::train"}
{"timestamp":"2026-02-05T17:04:46.459246Z","level":"INFO","message":"grad_diag_full","param_name":"model.layers.0.mlp.down_proj.weight","param_index":3,"num_peers":1,"tier2_weight_sum":0.0,"g0_norm":67.92503356933594,"gagg_norm":67.92097473144531,"delta_norm":0.0,"delta_rel":0.0,"cos_g0_gagg":0.9999402411245399,"gt2_norm":0.0,"cos_g0_t2":0.0,"target":"psyche_modeling::distro"}
{"timestamp":"2026-02-05T17:04:47.447615Z","level":"INFO","message":"Broadcasting payload batch id B[160, 175] hash 0x324e782f16742c85dd8863595f0756e650df97f152039b4f553f68370d4073e3","client_id":"4a1e56c698","step":11,"target":"psyche_client::client"}
{"timestamp":"2026-02-05T17:04:48.114006Z","level":"INFO","message":"Submitting witness blooms","target":"psyche_client::state::witness"}
{"timestamp":"2026-02-05T17:04:48.114037Z","level":"INFO","message":"Sending opportunistic witness","id":"4a1e56c698","merkle":"0e9bd96d09","target":"witness"}
{"timestamp":"2026-02-05T17:04:48.114663Z","level":"INFO","message":"applying state epoch 0 step 11 (Training -> Witness)","integration_test_log_marker":"state_change","client_id":"4a1e56c698","old_state":"Training","new_state":"Witness","epoch":0,"step":11,"target":"psyche_client::client"}
{"timestamp":"2026-02-05T17:04:48.114790Z","level":"INFO","message":"client_loss","integration_test_log_marker":"loss","client_id":"4a1e56c698","epoch":0,"step":11,"matformer_tier":0,"trained_batches":1,"loss":7.8096089363098145,"target":"psyche_client::state::steps"}
{"timestamp":"2026-02-05T17:05:08.450199Z","level":"INFO","message":"applying state epoch 0 step 12 (Witness -> Training)","integration_test_log_marker":"state_change","client_id":"4a1e56c698","old_state":"Witness","new_state":"Training","epoch":0,"step":12,"target":"psyche_client::client"}
{"timestamp":"2026-02-05T17:05:08.450299Z","level":"INFO","message":"deleting tags from Some(Tag(\"model-\")) to Some(Tag(\"model.\"))","target":"iroh_blobs::store::mem"}
{"timestamp":"2026-02-05T17:05:08.450343Z","level":"INFO","message":"deleting tags from Some(Tag(\"distro-result_9\")) to Some(Tag(\"distro-result_9\u0000\"))","target":"iroh_blobs::store::mem"}
{"timestamp":"2026-02-05T17:05:08.450355Z","level":"INFO","message":"    removing Tag(\"distro-result_9\")","target":"iroh_blobs::store::mem"}
{"timestamp":"2026-02-05T17:05:08.451951Z","level":"INFO","message":"Got training assignment for step 12 (round 11/epoch 0): index=0 committee position=0 committee=Trainer witness position=0 witness=true warmup_lr_between=None","integration_test_log_marker":"witness_elected","step":12,"round":11,"epoch":0,"index":0,"comittee_position":0,"committee":"Trainer","witness_position":0,"witness":"true","matformer_tier":0,"warmup_lr_between":"None","assigned_batches":"[B[176, 191]]","target":"psyche_client::state::train"}
{"timestamp":"2026-02-05T17:05:08.458477Z","level":"INFO","message":"grad_diag_full","param_name":"model.layers.0.mlp.down_proj.weight","param_index":3,"num_peers":1,"tier2_weight_sum":0.0,"g0_norm":67.92314910888672,"gagg_norm":67.91890716552734,"delta_norm":0.0,"delta_rel":0.0,"cos_g0_gagg":0.9999374587005007,"gt2_norm":0.0,"cos_g0_t2":0.0,"target":"psyche_modeling::distro"}
{"timestamp":"2026-02-05T17:05:09.454813Z","level":"INFO","message":"Broadcasting payload batch id B[176, 191] hash 0x9a73a46a7babb574bd4b342df6b687bb77db985d00a4557e966a8ef746ab64e4","client_id":"4a1e56c698","step":12,"target":"psyche_client::client"}
{"timestamp":"2026-02-05T17:05:10.114871Z","level":"INFO","message":"Submitting witness blooms","target":"psyche_client::state::witness"}
{"timestamp":"2026-02-05T17:05:10.114910Z","level":"INFO","message":"Sending opportunistic witness","id":"4a1e56c698","merkle":"6fd4a1ab30","target":"witness"}
{"timestamp":"2026-02-05T17:05:10.115674Z","level":"INFO","message":"applying state epoch 0 step 12 (Training -> Witness)","integration_test_log_marker":"state_change","client_id":"4a1e56c698","old_state":"Training","new_state":"Witness","epoch":0,"step":12,"target":"psyche_client::client"}
{"timestamp":"2026-02-05T17:05:10.115777Z","level":"INFO","message":"client_loss","integration_test_log_marker":"loss","client_id":"4a1e56c698","epoch":0,"step":12,"matformer_tier":0,"trained_batches":1,"loss":7.83022928237915,"target":"psyche_client::state::steps"}
{"timestamp":"2026-02-05T17:05:30.450609Z","level":"INFO","message":"applying state epoch 0 step 13 (Witness -> Training)","integration_test_log_marker":"state_change","client_id":"4a1e56c698","old_state":"Witness","new_state":"Training","epoch":0,"step":13,"target":"psyche_client::client"}
{"timestamp":"2026-02-05T17:05:30.450751Z","level":"INFO","message":"deleting tags from Some(Tag(\"model-\")) to Some(Tag(\"model.\"))","target":"iroh_blobs::store::mem"}
{"timestamp":"2026-02-05T17:05:30.450803Z","level":"INFO","message":"deleting tags from Some(Tag(\"distro-result_10\")) to Some(Tag(\"distro-result_10\u0000\"))","target":"iroh_blobs::store::mem"}
{"timestamp":"2026-02-05T17:05:30.450814Z","level":"INFO","message":"    removing Tag(\"distro-result_10\")","target":"iroh_blobs::store::mem"}
{"timestamp":"2026-02-05T17:05:30.452286Z","level":"INFO","message":"Got training assignment for step 13 (round 12/epoch 0): index=0 committee position=0 committee=Trainer witness position=0 witness=true warmup_lr_between=None","integration_test_log_marker":"witness_elected","step":13,"round":12,"epoch":0,"index":0,"comittee_position":0,"committee":"Trainer","witness_position":0,"witness":"true","matformer_tier":0,"warmup_lr_between":"None","assigned_batches":"[B[192, 207]]","target":"psyche_client::state::train"}
{"timestamp":"2026-02-05T17:05:30.458798Z","level":"INFO","message":"grad_diag_full","param_name":"model.layers.0.mlp.down_proj.weight","param_index":3,"num_peers":1,"tier2_weight_sum":0.0,"g0_norm":67.92725372314453,"gagg_norm":67.92279052734375,"delta_norm":0.0,"delta_rel":0.0,"cos_g0_gagg":0.9999343782145215,"gt2_norm":0.0,"cos_g0_t2":0.0,"target":"psyche_modeling::distro"}
{"timestamp":"2026-02-05T17:05:31.454450Z","level":"INFO","message":"Broadcasting payload batch id B[192, 207] hash 0xa46a83385bdc688ee25f58e1f3b4e6f4fd449fd935bfae3e01ae04ad875b7b42","client_id":"4a1e56c698","step":13,"target":"psyche_client::client"}
{"timestamp":"2026-02-05T17:05:32.114434Z","level":"INFO","message":"Submitting witness blooms","target":"psyche_client::state::witness"}
{"timestamp":"2026-02-05T17:05:32.114474Z","level":"INFO","message":"Sending opportunistic witness","id":"4a1e56c698","merkle":"9bfe7a1f05","target":"witness"}
{"timestamp":"2026-02-05T17:05:32.115343Z","level":"INFO","message":"applying state epoch 0 step 13 (Training -> Witness)","integration_test_log_marker":"state_change","client_id":"4a1e56c698","old_state":"Training","new_state":"Witness","epoch":0,"step":13,"target":"psyche_client::client"}
{"timestamp":"2026-02-05T17:05:32.115429Z","level":"INFO","message":"client_loss","integration_test_log_marker":"loss","client_id":"4a1e56c698","epoch":0,"step":13,"matformer_tier":0,"trained_batches":1,"loss":7.526836395263672,"target":"psyche_client::state::steps"}
{"timestamp":"2026-02-05T17:05:52.450218Z","level":"INFO","message":"applying state epoch 0 step 14 (Witness -> Training)","integration_test_log_marker":"state_change","client_id":"4a1e56c698","old_state":"Witness","new_state":"Training","epoch":0,"step":14,"target":"psyche_client::client"}
{"timestamp":"2026-02-05T17:05:52.450398Z","level":"INFO","message":"deleting tags from Some(Tag(\"model-\")) to Some(Tag(\"model.\"))","target":"iroh_blobs::store::mem"}
{"timestamp":"2026-02-05T17:05:52.450448Z","level":"INFO","message":"deleting tags from Some(Tag(\"distro-result_11\")) to Some(Tag(\"distro-result_11\u0000\"))","target":"iroh_blobs::store::mem"}
{"timestamp":"2026-02-05T17:05:52.450460Z","level":"INFO","message":"    removing Tag(\"distro-result_11\")","target":"iroh_blobs::store::mem"}
{"timestamp":"2026-02-05T17:05:52.452083Z","level":"INFO","message":"Got training assignment for step 14 (round 13/epoch 0): index=0 committee position=0 committee=Trainer witness position=0 witness=true warmup_lr_between=None","integration_test_log_marker":"witness_elected","step":14,"round":13,"epoch":0,"index":0,"comittee_position":0,"committee":"Trainer","witness_position":0,"witness":"true","matformer_tier":0,"warmup_lr_between":"None","assigned_batches":"[B[208, 223]]","target":"psyche_client::state::train"}
{"timestamp":"2026-02-05T17:05:52.458594Z","level":"INFO","message":"grad_diag_full","param_name":"model.layers.0.mlp.down_proj.weight","param_index":3,"num_peers":1,"tier2_weight_sum":0.0,"g0_norm":67.92667388916016,"gagg_norm":67.92237091064453,"delta_norm":0.0,"delta_rel":0.0,"cos_g0_gagg":0.9999367090233886,"gt2_norm":0.0,"cos_g0_t2":0.0,"target":"psyche_modeling::distro"}
{"timestamp":"2026-02-05T17:05:53.443871Z","level":"INFO","message":"Broadcasting payload batch id B[208, 223] hash 0xb24dd60d23ab214b3e103dd6941c6804fdfa8a1fb650de1a4c1c2d7e39cb9edb","client_id":"4a1e56c698","step":14,"target":"psyche_client::client"}
{"timestamp":"2026-02-05T17:05:54.114759Z","level":"INFO","message":"Submitting witness blooms","target":"psyche_client::state::witness"}
{"timestamp":"2026-02-05T17:05:54.114829Z","level":"INFO","message":"Sending opportunistic witness","id":"4a1e56c698","merkle":"c2421b2494","target":"witness"}
{"timestamp":"2026-02-05T17:05:54.115561Z","level":"INFO","message":"applying state epoch 0 step 14 (Training -> Witness)","integration_test_log_marker":"state_change","client_id":"4a1e56c698","old_state":"Training","new_state":"Witness","epoch":0,"step":14,"target":"psyche_client::client"}
{"timestamp":"2026-02-05T17:05:54.115761Z","level":"INFO","message":"client_loss","integration_test_log_marker":"loss","client_id":"4a1e56c698","epoch":0,"step":14,"matformer_tier":0,"trained_batches":1,"loss":7.320226669311523,"target":"psyche_client::state::steps"}
{"timestamp":"2026-02-05T17:06:14.450237Z","level":"INFO","message":"applying state epoch 0 step 15 (Witness -> Training)","integration_test_log_marker":"state_change","client_id":"4a1e56c698","old_state":"Witness","new_state":"Training","epoch":0,"step":15,"target":"psyche_client::client"}
{"timestamp":"2026-02-05T17:06:14.450355Z","level":"INFO","message":"deleting tags from Some(Tag(\"model-\")) to Some(Tag(\"model.\"))","target":"iroh_blobs::store::mem"}
{"timestamp":"2026-02-05T17:06:14.450401Z","level":"INFO","message":"deleting tags from Some(Tag(\"distro-result_12\")) to Some(Tag(\"distro-result_12\u0000\"))","target":"iroh_blobs::store::mem"}
{"timestamp":"2026-02-05T17:06:14.450412Z","level":"INFO","message":"    removing Tag(\"distro-result_12\")","target":"iroh_blobs::store::mem"}
{"timestamp":"2026-02-05T17:06:14.452050Z","level":"INFO","message":"Got training assignment for step 15 (round 14/epoch 0): index=0 committee position=0 committee=Trainer witness position=0 witness=true warmup_lr_between=None","integration_test_log_marker":"witness_elected","step":15,"round":14,"epoch":0,"index":0,"comittee_position":0,"committee":"Trainer","witness_position":0,"witness":"true","matformer_tier":0,"warmup_lr_between":"None","assigned_batches":"[B[224, 239]]","target":"psyche_client::state::train"}
{"timestamp":"2026-02-05T17:06:14.458511Z","level":"INFO","message":"grad_diag_full","param_name":"model.layers.0.mlp.down_proj.weight","param_index":3,"num_peers":1,"tier2_weight_sum":0.0,"g0_norm":67.92615509033203,"gagg_norm":67.92201232910156,"delta_norm":0.0,"delta_rel":0.0,"cos_g0_gagg":0.9999390419143632,"gt2_norm":0.0,"cos_g0_t2":0.0,"target":"psyche_modeling::distro"}
{"timestamp":"2026-02-05T17:06:15.456085Z","level":"INFO","message":"Broadcasting payload batch id B[224, 239] hash 0x8e5095bbca7832272b7821d33ec7a407eec4c7c8df64bd38d6f7ad1f19f2c16a","client_id":"4a1e56c698","step":15,"target":"psyche_client::client"}
{"timestamp":"2026-02-05T17:06:16.114488Z","level":"INFO","message":"Submitting witness blooms","target":"psyche_client::state::witness"}
{"timestamp":"2026-02-05T17:06:16.114575Z","level":"INFO","message":"Sending opportunistic witness","id":"4a1e56c698","merkle":"e24f3466a1","target":"witness"}
{"timestamp":"2026-02-05T17:06:16.115321Z","level":"INFO","message":"applying state epoch 0 step 15 (Training -> Witness)","integration_test_log_marker":"state_change","client_id":"4a1e56c698","old_state":"Training","new_state":"Witness","epoch":0,"step":15,"target":"psyche_client::client"}
{"timestamp":"2026-02-05T17:06:16.115451Z","level":"INFO","message":"client_loss","integration_test_log_marker":"loss","client_id":"4a1e56c698","epoch":0,"step":15,"matformer_tier":0,"trained_batches":1,"loss":7.208630561828613,"target":"psyche_client::state::steps"}
{"timestamp":"2026-02-05T17:06:36.450006Z","level":"INFO","message":"applying state epoch 0 step 16 (Witness -> Training)","integration_test_log_marker":"state_change","client_id":"4a1e56c698","old_state":"Witness","new_state":"Training","epoch":0,"step":16,"target":"psyche_client::client"}
{"timestamp":"2026-02-05T17:06:36.450125Z","level":"INFO","message":"deleting tags from Some(Tag(\"model-\")) to Some(Tag(\"model.\"))","target":"iroh_blobs::store::mem"}
{"timestamp":"2026-02-05T17:06:36.450172Z","level":"INFO","message":"deleting tags from Some(Tag(\"distro-result_13\")) to Some(Tag(\"distro-result_13\u0000\"))","target":"iroh_blobs::store::mem"}
{"timestamp":"2026-02-05T17:06:36.450184Z","level":"INFO","message":"    removing Tag(\"distro-result_13\")","target":"iroh_blobs::store::mem"}
{"timestamp":"2026-02-05T17:06:36.451718Z","level":"INFO","message":"Got training assignment for step 16 (round 15/epoch 0): index=0 committee position=0 committee=Trainer witness position=0 witness=true warmup_lr_between=None","integration_test_log_marker":"witness_elected","step":16,"round":15,"epoch":0,"index":0,"comittee_position":0,"committee":"Trainer","witness_position":0,"witness":"true","matformer_tier":0,"warmup_lr_between":"None","assigned_batches":"[B[240, 255]]","target":"psyche_client::state::train"}
{"timestamp":"2026-02-05T17:06:36.458358Z","level":"INFO","message":"grad_diag_full","param_name":"model.layers.0.mlp.down_proj.weight","param_index":3,"num_peers":1,"tier2_weight_sum":0.0,"g0_norm":67.92573547363281,"gagg_norm":67.9214859008789,"delta_norm":0.0,"delta_rel":0.0,"cos_g0_gagg":0.9999374115175959,"gt2_norm":0.0,"cos_g0_t2":0.0,"target":"psyche_modeling::distro"}
{"timestamp":"2026-02-05T17:06:37.442513Z","level":"INFO","message":"Broadcasting payload batch id B[240, 255] hash 0x8bdba145c55c2fc90ddfb9e9160f91065e07ff284c90d2e39a0333a968fd13b3","client_id":"4a1e56c698","step":16,"target":"psyche_client::client"}
{"timestamp":"2026-02-05T17:06:38.114534Z","level":"INFO","message":"Submitting witness blooms","target":"psyche_client::state::witness"}
{"timestamp":"2026-02-05T17:06:38.114573Z","level":"INFO","message":"Sending opportunistic witness","id":"4a1e56c698","merkle":"f62edd0dd4","target":"witness"}
{"timestamp":"2026-02-05T17:06:38.115164Z","level":"INFO","message":"applying state epoch 0 step 16 (Training -> Witness)","integration_test_log_marker":"state_change","client_id":"4a1e56c698","old_state":"Training","new_state":"Witness","epoch":0,"step":16,"target":"psyche_client::client"}
{"timestamp":"2026-02-05T17:06:38.115339Z","level":"INFO","message":"client_loss","integration_test_log_marker":"loss","client_id":"4a1e56c698","epoch":0,"step":16,"matformer_tier":0,"trained_batches":1,"loss":7.109395503997803,"target":"psyche_client::state::steps"}
{"timestamp":"2026-02-05T17:06:58.449701Z","level":"INFO","message":"applying state epoch 0 step 17 (Witness -> Training)","integration_test_log_marker":"state_change","client_id":"4a1e56c698","old_state":"Witness","new_state":"Training","epoch":0,"step":17,"target":"psyche_client::client"}
{"timestamp":"2026-02-05T17:06:58.449881Z","level":"INFO","message":"deleting tags from Some(Tag(\"model-\")) to Some(Tag(\"model.\"))","target":"iroh_blobs::store::mem"}
{"timestamp":"2026-02-05T17:06:58.449932Z","level":"INFO","message":"deleting tags from Some(Tag(\"distro-result_14\")) to Some(Tag(\"distro-result_14\u0000\"))","target":"iroh_blobs::store::mem"}
{"timestamp":"2026-02-05T17:06:58.449946Z","level":"INFO","message":"    removing Tag(\"distro-result_14\")","target":"iroh_blobs::store::mem"}
{"timestamp":"2026-02-05T17:06:58.451425Z","level":"INFO","message":"Got training assignment for step 17 (round 16/epoch 0): index=0 committee position=0 committee=Trainer witness position=0 witness=true warmup_lr_between=None","integration_test_log_marker":"witness_elected","step":17,"round":16,"epoch":0,"index":0,"comittee_position":0,"committee":"Trainer","witness_position":0,"witness":"true","matformer_tier":0,"warmup_lr_between":"None","assigned_batches":"[B[256, 271]]","target":"psyche_client::state::train"}
{"timestamp":"2026-02-05T17:06:58.458025Z","level":"INFO","message":"grad_diag_full","param_name":"model.layers.0.mlp.down_proj.weight","param_index":3,"num_peers":1,"tier2_weight_sum":0.0,"g0_norm":67.92374420166016,"gagg_norm":67.91959381103516,"delta_norm":0.0,"delta_rel":0.0,"cos_g0_gagg":0.9999389105425474,"gt2_norm":0.0,"cos_g0_t2":0.0,"target":"psyche_modeling::distro"}
{"timestamp":"2026-02-05T17:06:59.445426Z","level":"INFO","message":"Broadcasting payload batch id B[256, 271] hash 0x088c9720cd3f191ba19103ed91a558cfe54397ad844bd1a880ceb55cd7d51f26","client_id":"4a1e56c698","step":17,"target":"psyche_client::client"}
{"timestamp":"2026-02-05T17:07:00.114401Z","level":"INFO","message":"Submitting witness blooms","target":"psyche_client::state::witness"}
{"timestamp":"2026-02-05T17:07:00.114436Z","level":"INFO","message":"Sending opportunistic witness","id":"4a1e56c698","merkle":"e0bbf76471","target":"witness"}
{"timestamp":"2026-02-05T17:07:00.115049Z","level":"INFO","message":"applying state epoch 0 step 17 (Training -> Witness)","integration_test_log_marker":"state_change","client_id":"4a1e56c698","old_state":"Training","new_state":"Witness","epoch":0,"step":17,"target":"psyche_client::client"}
{"timestamp":"2026-02-05T17:07:00.115162Z","level":"INFO","message":"client_loss","integration_test_log_marker":"loss","client_id":"4a1e56c698","epoch":0,"step":17,"matformer_tier":0,"trained_batches":1,"loss":7.038670539855957,"target":"psyche_client::state::steps"}
{"timestamp":"2026-02-05T17:07:20.450579Z","level":"INFO","message":"applying state epoch 0 step 18 (Witness -> Training)","integration_test_log_marker":"state_change","client_id":"4a1e56c698","old_state":"Witness","new_state":"Training","epoch":0,"step":18,"target":"psyche_client::client"}
{"timestamp":"2026-02-05T17:07:20.450702Z","level":"INFO","message":"deleting tags from Some(Tag(\"model-\")) to Some(Tag(\"model.\"))","target":"iroh_blobs::store::mem"}
{"timestamp":"2026-02-05T17:07:20.450795Z","level":"INFO","message":"deleting tags from Some(Tag(\"distro-result_15\")) to Some(Tag(\"distro-result_15\u0000\"))","target":"iroh_blobs::store::mem"}
{"timestamp":"2026-02-05T17:07:20.450807Z","level":"INFO","message":"    removing Tag(\"distro-result_15\")","target":"iroh_blobs::store::mem"}
{"timestamp":"2026-02-05T17:07:20.452501Z","level":"INFO","message":"Got training assignment for step 18 (round 17/epoch 0): index=0 committee position=0 committee=Trainer witness position=0 witness=true warmup_lr_between=None","integration_test_log_marker":"witness_elected","step":18,"round":17,"epoch":0,"index":0,"comittee_position":0,"committee":"Trainer","witness_position":0,"witness":"true","matformer_tier":0,"warmup_lr_between":"None","assigned_batches":"[B[272, 287]]","target":"psyche_client::state::train"}
{"timestamp":"2026-02-05T17:07:20.459461Z","level":"INFO","message":"grad_diag_full","param_name":"model.layers.0.mlp.down_proj.weight","param_index":3,"num_peers":1,"tier2_weight_sum":0.0,"g0_norm":67.92727661132812,"gagg_norm":67.92308044433594,"delta_norm":0.0,"delta_rel":0.0,"cos_g0_gagg":0.9999381338172479,"gt2_norm":0.0,"cos_g0_t2":0.0,"target":"psyche_modeling::distro"}
{"timestamp":"2026-02-05T17:07:21.492842Z","level":"INFO","message":"Broadcasting payload batch id B[272, 287] hash 0x59fe8c128145d519439cbbfc7c6d008e597759e0482783145b1dcb88a24539eb","client_id":"4a1e56c698","step":18,"target":"psyche_client::client"}
{"timestamp":"2026-02-05T17:07:22.114170Z","level":"INFO","message":"Submitting witness blooms","target":"psyche_client::state::witness"}
{"timestamp":"2026-02-05T17:07:22.114254Z","level":"INFO","message":"Sending opportunistic witness","id":"4a1e56c698","merkle":"2e5303ac8c","target":"witness"}
{"timestamp":"2026-02-05T17:07:22.115168Z","level":"INFO","message":"applying state epoch 0 step 18 (Training -> Witness)","integration_test_log_marker":"state_change","client_id":"4a1e56c698","old_state":"Training","new_state":"Witness","epoch":0,"step":18,"target":"psyche_client::client"}
{"timestamp":"2026-02-05T17:07:22.115346Z","level":"INFO","message":"client_loss","integration_test_log_marker":"loss","client_id":"4a1e56c698","epoch":0,"step":18,"matformer_tier":0,"trained_batches":1,"loss":6.997109889984131,"target":"psyche_client::state::steps"}
{"timestamp":"2026-02-05T17:07:42.449765Z","level":"INFO","message":"applying state epoch 0 step 19 (Witness -> Training)","integration_test_log_marker":"state_change","client_id":"4a1e56c698","old_state":"Witness","new_state":"Training","epoch":0,"step":19,"target":"psyche_client::client"}
{"timestamp":"2026-02-05T17:07:42.449891Z","level":"INFO","message":"deleting tags from Some(Tag(\"model-\")) to Some(Tag(\"model.\"))","target":"iroh_blobs::store::mem"}
{"timestamp":"2026-02-05T17:07:42.449928Z","level":"INFO","message":"deleting tags from Some(Tag(\"distro-result_16\")) to Some(Tag(\"distro-result_16\u0000\"))","target":"iroh_blobs::store::mem"}
{"timestamp":"2026-02-05T17:07:42.449940Z","level":"INFO","message":"    removing Tag(\"distro-result_16\")","target":"iroh_blobs::store::mem"}
{"timestamp":"2026-02-05T17:07:42.450970Z","level":"INFO","message":"Got training assignment for step 19 (round 18/epoch 0): index=0 committee position=0 committee=Trainer witness position=0 witness=true warmup_lr_between=None","integration_test_log_marker":"witness_elected","step":19,"round":18,"epoch":0,"index":0,"comittee_position":0,"committee":"Trainer","witness_position":0,"witness":"true","matformer_tier":0,"warmup_lr_between":"None","assigned_batches":"[B[288, 303]]","target":"psyche_client::state::train"}
{"timestamp":"2026-02-05T17:07:42.458918Z","level":"INFO","message":"grad_diag_full","param_name":"model.layers.0.mlp.down_proj.weight","param_index":3,"num_peers":1,"tier2_weight_sum":0.0,"g0_norm":67.9266357421875,"gagg_norm":67.92243957519531,"delta_norm":0.0,"delta_rel":0.0,"cos_g0_gagg":0.9999382705226204,"gt2_norm":0.0,"cos_g0_t2":0.0,"target":"psyche_modeling::distro"}
{"timestamp":"2026-02-05T17:07:43.473910Z","level":"INFO","message":"Broadcasting payload batch id B[288, 303] hash 0xbf251e411e8af8e61c29bb7f1fcb36c111e8d5068389e4ea5f106df1094d0a1b","client_id":"4a1e56c698","step":19,"target":"psyche_client::client"}
{"timestamp":"2026-02-05T17:07:44.114598Z","level":"INFO","message":"Submitting witness blooms","target":"psyche_client::state::witness"}
{"timestamp":"2026-02-05T17:07:44.114684Z","level":"INFO","message":"Sending opportunistic witness","id":"4a1e56c698","merkle":"5670dbf892","target":"witness"}
{"timestamp":"2026-02-05T17:07:44.115477Z","level":"INFO","message":"applying state epoch 0 step 19 (Training -> Witness)","integration_test_log_marker":"state_change","client_id":"4a1e56c698","old_state":"Training","new_state":"Witness","epoch":0,"step":19,"target":"psyche_client::client"}
{"timestamp":"2026-02-05T17:07:44.115653Z","level":"INFO","message":"client_loss","integration_test_log_marker":"loss","client_id":"4a1e56c698","epoch":0,"step":19,"matformer_tier":0,"trained_batches":1,"loss":6.9720139503479,"target":"psyche_client::state::steps"}
{"timestamp":"2026-02-05T17:08:04.450530Z","level":"INFO","message":"applying state epoch 0 step 20 (Witness -> Cooldown)","integration_test_log_marker":"state_change","client_id":"4a1e56c698","old_state":"Witness","new_state":"Cooldown","epoch":0,"step":20,"target":"psyche_client::client"}
{"timestamp":"2026-02-05T17:08:04.450909Z","level":"INFO","message":"Extracting full model...","target":"psyche_client::state::cooldown","span":{"name":"checkpointing"},"spans":[{"name":"checkpointing"}]}
{"timestamp":"2026-02-05T17:08:04.614323Z","level":"INFO","message":"Model extracted; 111 parameters","target":"psyche_client::state::cooldown"}
{"timestamp":"2026-02-05T17:08:14.449838Z","level":"INFO","message":"applying state epoch 1 step 20 (Cooldown -> Finished)","integration_test_log_marker":"state_change","client_id":"4a1e56c698","old_state":"Cooldown","new_state":"Finished","epoch":1,"step":20,"target":"psyche_client::client"}
{"timestamp":"2026-02-05T17:08:14.565630Z","level":"INFO","message":"Download manager channel closed - shutting down.","target":"psyche_network::download_manager"}
Error: Failed to run step: Desync: we're in step Cooldown but next RunState is Finished

Caused by:
    Desync: we're in step Cooldown but next RunState is Finished
