{"timestamp":"2026-02-05T19:16:04.210362Z","level":"INFO","message":"Connected to server at: 127.0.0.1:17892","target":"psyche_network::tcp"}
{"timestamp":"2026-02-05T19:16:04.298018Z","level":"INFO","message":"home is now relay https://use1-1.relay.nousresearch.psyche.iroh.link./, was None","target":"iroh::magicsock::transports::relay::actor","span":{"name":"relay-actor"},"spans":[{"name":"relay-actor"}]}
{"timestamp":"2026-02-05T19:16:04.298048Z","level":"INFO","message":"Our endpoint ID: 8229a8eddaea28e114c3fd8515f2d3ddc409ab565019bfb779b05ba58a898e73","target":"psyche_network"}
{"timestamp":"2026-02-05T19:16:04.298302Z","level":"INFO","message":"Connected!","target":"psyche_network"}
{"timestamp":"2026-02-05T19:16:04.299355Z","level":"INFO","message":"Received training assignment","matformer_tier":0,"target":"psyche_centralized_client::app"}
{"timestamp":"2026-02-05T19:16:04.564427Z","level":"INFO","message":"applying state epoch 0 step 1 ( -  -> Warmup)","integration_test_log_marker":"state_change","client_id":"8229a8edda","old_state":" - ","new_state":"Warmup","epoch":0,"step":1,"target":"psyche_client::client"}
{"timestamp":"2026-02-05T19:16:04.565513Z","level":"INFO","message":"Loaded 2 files (400002048) of training data from directory /opt/psyche/data/fineweb10B","target":"psyche_data_provider::local"}
{"timestamp":"2026-02-05T19:16:04.565923Z","level":"INFO","message":"File Some(\"train.bin\"): modded-nanogpt format (version=1, tokens=100000000)","target":"psyche_data_provider::local"}
{"timestamp":"2026-02-05T19:16:04.566115Z","level":"INFO","message":"File Some(\"val.bin\"): modded-nanogpt format (version=1, tokens=100000000)","target":"psyche_data_provider::local"}
{"timestamp":"2026-02-05T19:16:04.584850Z","level":"INFO","message":"[init_run] No wandb info provided. Will continue training without it.","target":"psyche_client::state::init"}
{"timestamp":"2026-02-05T19:16:04.859199Z","level":"INFO","message":"Finished downloading file from hub","filename":"config.json","duration_secs":0.00011641000310191885,"target":"psyche_data_provider::hub"}
{"timestamp":"2026-02-05T19:16:04.859275Z","level":"INFO","message":"Finished downloading file from hub","filename":"model.safetensors","duration_secs":0.00004569600059767254,"target":"psyche_data_provider::hub"}
{"timestamp":"2026-02-05T19:16:04.859324Z","level":"INFO","message":"Finished downloading file from hub","filename":"special_tokens_map.json","duration_secs":0.00003905400080839172,"target":"psyche_data_provider::hub"}
{"timestamp":"2026-02-05T19:16:04.859369Z","level":"INFO","message":"Finished downloading file from hub","filename":"tokenizer.json","duration_secs":0.00003604800076573156,"target":"psyche_data_provider::hub"}
{"timestamp":"2026-02-05T19:16:04.859415Z","level":"INFO","message":"Finished downloading file from hub","filename":"tokenizer_config.json","duration_secs":0.00003768099850276485,"target":"psyche_data_provider::hub"}
{"timestamp":"2026-02-05T19:16:04.859461Z","level":"INFO","message":"Finished downloading file from hub","filename":"vocab.json","duration_secs":0.00003690000085043721,"target":"psyche_data_provider::hub"}
{"timestamp":"2026-02-05T19:16:04.863960Z","level":"INFO","message":"Resolved checkpoint plugyawn/nanogpt-124m-init, revision: None","target":"psyche_client::state::init"}
{"timestamp":"2026-02-05T19:16:05.029773Z","level":"INFO","message":"Loading model...","target":"psyche_client::state::init"}
{"timestamp":"2026-02-05T19:16:05.030449Z","level":"INFO","message":"Model tasks loaded successfully","target":"psyche_client::state::evals"}
{"timestamp":"2026-02-05T19:16:12.662505Z","level":"INFO","message":"loaded_model","integration_test_log_marker":"loaded_model","checkpoint":"plugyawn/nanogpt-124m-init","gpus":1,"dp":1,"tp":1,"matformer_tier":0,"matformer_effective_tier":0,"matformer_load_strategy":"Auto","matformer_uses_sliced_checkpoint":false,"matformer_checkpoint_path":"plugyawn/nanogpt-124m-init","hidden_size":768,"intermediate_size":3072,"intermediate_size_active":3072,"num_hidden_layers":12,"vocab_size":50257,"target":"psyche_client::state::init"}

╔══════════════════════════════════════════════════════════════════╗
║                      MATFORMER CONFIGURATION                     ║
╠══════════════════════════════════════════════════════════════════╣
║  Checkpoint:       plugyawn/nanogpt-124m-init                    ║
║  Load strategy:    Auto                                          ║
║  Sliced checkpoint: No                                           ║
╠══════════════════════════════════════════════════════════════════╣
║  CLI tier:         0                                             ║
║  Effective tier:   0 ✓                                           ║
║  Helper mode:      Disabled                                      ║
╠══════════════════════════════════════════════════════════════════╣
║  FFN width:        3072 / 3072 (100%)                            ║
╚══════════════════════════════════════════════════════════════════╝

{"timestamp":"2026-02-05T19:16:12.840533Z","level":"INFO","message":"Sending warmup ready broadcast","epoch":0,"target":"psyche_client::state::steps"}
{"timestamp":"2026-02-05T19:16:12.840675Z","level":"INFO","message":"Received 1/1 warmup readies","target":"psyche_client::state::steps"}
{"timestamp":"2026-02-05T19:16:13.300813Z","level":"INFO","message":"Sending warmup witness","epoch":0,"target":"psyche_client::state::steps"}
{"timestamp":"2026-02-05T19:16:13.303309Z","level":"INFO","message":"applying state epoch 0 step 1 (Warmup -> Training)","integration_test_log_marker":"state_change","client_id":"8229a8edda","old_state":"Warmup","new_state":"Training","epoch":0,"step":1,"target":"psyche_client::client"}
{"timestamp":"2026-02-05T19:16:13.303460Z","level":"INFO","message":"deleting tags from Some(Tag(\"model-\")) to Some(Tag(\"model.\"))","target":"iroh_blobs::store::mem"}
{"timestamp":"2026-02-05T19:16:13.303768Z","level":"INFO","message":"Got training assignment for step 1 (round 0/epoch 0): index=0 committee position=0 committee=Trainer witness position=0 witness=true warmup_lr_between=None","integration_test_log_marker":"witness_elected","step":1,"round":0,"epoch":0,"index":0,"comittee_position":0,"committee":"Trainer","witness_position":0,"witness":"true","matformer_tier":0,"warmup_lr_between":"None","assigned_batches":"[B[0, 15]]","target":"psyche_client::state::train"}
{"timestamp":"2026-02-05T19:16:15.113187Z","level":"INFO","message":"Broadcasting payload batch id B[0, 15] hash 0x8e6e87b32b209c9f369548c56665254cd688852ffc711c348eb0ed1ee5e6bc9a","client_id":"8229a8edda","step":1,"target":"psyche_client::client"}
{"timestamp":"2026-02-05T19:16:15.801805Z","level":"INFO","message":"Submitting witness blooms","target":"psyche_client::state::witness"}
{"timestamp":"2026-02-05T19:16:15.801886Z","level":"INFO","message":"Sending opportunistic witness","id":"8229a8edda","merkle":"20ce9aceb4","target":"witness"}
{"timestamp":"2026-02-05T19:16:15.805030Z","level":"INFO","message":"applying state epoch 0 step 1 (Training -> Witness)","integration_test_log_marker":"state_change","client_id":"8229a8edda","old_state":"Training","new_state":"Witness","epoch":0,"step":1,"target":"psyche_client::client"}
{"timestamp":"2026-02-05T19:16:15.805085Z","level":"INFO","message":"client_loss","integration_test_log_marker":"loss","client_id":"8229a8edda","epoch":0,"step":1,"matformer_tier":0,"trained_batches":1,"loss":10.99788761138916,"target":"psyche_client::state::steps"}
{"timestamp":"2026-02-05T19:16:26.494441Z","level":"INFO","message":"home is now relay https://usw1-1.relay.nousresearch.psyche.iroh.link./, was Some(RelayUrl(\"https://use1-1.relay.nousresearch.psyche.iroh.link./\"))","target":"iroh::magicsock::transports::relay::actor","span":{"name":"relay-actor"},"spans":[{"name":"relay-actor"}]}
{"timestamp":"2026-02-05T19:16:35.063081Z","level":"INFO","message":"applying state epoch 0 step 2 (Witness -> Training)","integration_test_log_marker":"state_change","client_id":"8229a8edda","old_state":"Witness","new_state":"Training","epoch":0,"step":2,"target":"psyche_client::client"}
{"timestamp":"2026-02-05T19:16:35.063196Z","level":"INFO","message":"deleting tags from Some(Tag(\"model-\")) to Some(Tag(\"model.\"))","target":"iroh_blobs::store::mem"}
{"timestamp":"2026-02-05T19:16:35.063479Z","level":"INFO","message":"Got training assignment for step 2 (round 1/epoch 0): index=0 committee position=0 committee=Trainer witness position=0 witness=true warmup_lr_between=None","integration_test_log_marker":"witness_elected","step":2,"round":1,"epoch":0,"index":0,"comittee_position":0,"committee":"Trainer","witness_position":0,"witness":"true","matformer_tier":0,"warmup_lr_between":"None","assigned_batches":"[B[16, 31]]","target":"psyche_client::state::train"}
{"timestamp":"2026-02-05T19:16:36.418354Z","level":"INFO","message":"Broadcasting payload batch id B[16, 31] hash 0x3fc7665242b7bb3cee49b9d6819a4857451474043296da35d2a40dbfc7e3db50","client_id":"8229a8edda","step":2,"target":"psyche_client::client"}
{"timestamp":"2026-02-05T19:16:37.301640Z","level":"INFO","message":"Submitting witness blooms","target":"psyche_client::state::witness"}
{"timestamp":"2026-02-05T19:16:37.301727Z","level":"INFO","message":"Sending opportunistic witness","id":"8229a8edda","merkle":"9fba589898","target":"witness"}
{"timestamp":"2026-02-05T19:16:37.303077Z","level":"INFO","message":"applying state epoch 0 step 2 (Training -> Witness)","integration_test_log_marker":"state_change","client_id":"8229a8edda","old_state":"Training","new_state":"Witness","epoch":0,"step":2,"target":"psyche_client::client"}
{"timestamp":"2026-02-05T19:16:37.303421Z","level":"INFO","message":"client_loss","integration_test_log_marker":"loss","client_id":"8229a8edda","epoch":0,"step":2,"matformer_tier":0,"trained_batches":1,"loss":10.032449722290039,"target":"psyche_client::state::steps"}
{"timestamp":"2026-02-05T19:16:57.062576Z","level":"INFO","message":"applying state epoch 0 step 3 (Witness -> Training)","integration_test_log_marker":"state_change","client_id":"8229a8edda","old_state":"Witness","new_state":"Training","epoch":0,"step":3,"target":"psyche_client::client"}
{"timestamp":"2026-02-05T19:16:57.062933Z","level":"INFO","message":"deleting tags from Some(Tag(\"model-\")) to Some(Tag(\"model.\"))","target":"iroh_blobs::store::mem"}
{"timestamp":"2026-02-05T19:16:57.063811Z","level":"INFO","message":"Got training assignment for step 3 (round 2/epoch 0): index=0 committee position=0 committee=Trainer witness position=0 witness=true warmup_lr_between=None","integration_test_log_marker":"witness_elected","step":3,"round":2,"epoch":0,"index":0,"comittee_position":0,"committee":"Trainer","witness_position":0,"witness":"true","matformer_tier":0,"warmup_lr_between":"None","assigned_batches":"[B[32, 47]]","target":"psyche_client::state::train"}
{"timestamp":"2026-02-05T19:16:57.092057Z","level":"INFO","message":"grad_diag_full","param_name":"model.layers.0.mlp.down_proj.weight","param_index":3,"num_peers":1,"tier2_weight_sum":0.0,"g0_norm":67.92417907714844,"gagg_norm":67.92002868652344,"delta_norm":0.0,"delta_rel":0.0,"cos_g0_gagg":0.9999389128213494,"gt2_norm":0.0,"cos_g0_t2":0.0,"target":"psyche_modeling::distro"}
{"timestamp":"2026-02-05T19:16:58.104849Z","level":"INFO","message":"Broadcasting payload batch id B[32, 47] hash 0xf5ab40a940d37edfb882bb99cbba754d7e2fdc1b58106377dc33cef79454781b","client_id":"8229a8edda","step":3,"target":"psyche_client::client"}
{"timestamp":"2026-02-05T19:16:58.800430Z","level":"INFO","message":"Submitting witness blooms","target":"psyche_client::state::witness"}
{"timestamp":"2026-02-05T19:16:58.800504Z","level":"INFO","message":"Sending opportunistic witness","id":"8229a8edda","merkle":"c78f212c9c","target":"witness"}
{"timestamp":"2026-02-05T19:16:58.801198Z","level":"INFO","message":"applying state epoch 0 step 3 (Training -> Witness)","integration_test_log_marker":"state_change","client_id":"8229a8edda","old_state":"Training","new_state":"Witness","epoch":0,"step":3,"target":"psyche_client::client"}
{"timestamp":"2026-02-05T19:16:58.801349Z","level":"INFO","message":"client_loss","integration_test_log_marker":"loss","client_id":"8229a8edda","epoch":0,"step":3,"matformer_tier":0,"trained_batches":1,"loss":8.788966178894043,"target":"psyche_client::state::steps"}
{"timestamp":"2026-02-05T19:17:18.063015Z","level":"INFO","message":"applying state epoch 0 step 4 (Witness -> Training)","integration_test_log_marker":"state_change","client_id":"8229a8edda","old_state":"Witness","new_state":"Training","epoch":0,"step":4,"target":"psyche_client::client"}
{"timestamp":"2026-02-05T19:17:18.063113Z","level":"INFO","message":"deleting tags from Some(Tag(\"model-\")) to Some(Tag(\"model.\"))","target":"iroh_blobs::store::mem"}
{"timestamp":"2026-02-05T19:17:18.063153Z","level":"INFO","message":"deleting tags from Some(Tag(\"distro-result_1\")) to Some(Tag(\"distro-result_1\u0000\"))","target":"iroh_blobs::store::mem"}
{"timestamp":"2026-02-05T19:17:18.063166Z","level":"INFO","message":"    removing Tag(\"distro-result_1\")","target":"iroh_blobs::store::mem"}
{"timestamp":"2026-02-05T19:17:18.064276Z","level":"INFO","message":"Got training assignment for step 4 (round 3/epoch 0): index=0 committee position=0 committee=Trainer witness position=0 witness=true warmup_lr_between=None","integration_test_log_marker":"witness_elected","step":4,"round":3,"epoch":0,"index":0,"comittee_position":0,"committee":"Trainer","witness_position":0,"witness":"true","matformer_tier":0,"warmup_lr_between":"None","assigned_batches":"[B[48, 63]]","target":"psyche_client::state::train"}
{"timestamp":"2026-02-05T19:17:18.070881Z","level":"INFO","message":"grad_diag_full","param_name":"model.layers.0.mlp.down_proj.weight","param_index":3,"num_peers":1,"tier2_weight_sum":0.0,"g0_norm":67.9423599243164,"gagg_norm":67.93833923339844,"delta_norm":0.0,"delta_rel":0.0,"cos_g0_gagg":0.9999408710501102,"gt2_norm":0.0,"cos_g0_t2":0.0,"target":"psyche_modeling::distro"}
{"timestamp":"2026-02-05T19:17:19.087526Z","level":"INFO","message":"Broadcasting payload batch id B[48, 63] hash 0xd3ecadef27b073bb768475c6cf764051034df19f16f1229f9b33c8aec38b9167","client_id":"8229a8edda","step":4,"target":"psyche_client::client"}
{"timestamp":"2026-02-05T19:17:19.800966Z","level":"INFO","message":"Submitting witness blooms","target":"psyche_client::state::witness"}
{"timestamp":"2026-02-05T19:17:19.801042Z","level":"INFO","message":"Sending opportunistic witness","id":"8229a8edda","merkle":"0f72d8c15f","target":"witness"}
{"timestamp":"2026-02-05T19:17:19.802184Z","level":"INFO","message":"applying state epoch 0 step 4 (Training -> Witness)","integration_test_log_marker":"state_change","client_id":"8229a8edda","old_state":"Training","new_state":"Witness","epoch":0,"step":4,"target":"psyche_client::client"}
{"timestamp":"2026-02-05T19:17:19.802305Z","level":"INFO","message":"client_loss","integration_test_log_marker":"loss","client_id":"8229a8edda","epoch":0,"step":4,"matformer_tier":0,"trained_batches":1,"loss":7.364276885986328,"target":"psyche_client::state::steps"}
{"timestamp":"2026-02-05T19:17:39.063221Z","level":"INFO","message":"applying state epoch 0 step 5 (Witness -> Training)","integration_test_log_marker":"state_change","client_id":"8229a8edda","old_state":"Witness","new_state":"Training","epoch":0,"step":5,"target":"psyche_client::client"}
{"timestamp":"2026-02-05T19:17:39.063326Z","level":"INFO","message":"deleting tags from Some(Tag(\"model-\")) to Some(Tag(\"model.\"))","target":"iroh_blobs::store::mem"}
{"timestamp":"2026-02-05T19:17:39.063369Z","level":"INFO","message":"deleting tags from Some(Tag(\"distro-result_2\")) to Some(Tag(\"distro-result_2\u0000\"))","target":"iroh_blobs::store::mem"}
{"timestamp":"2026-02-05T19:17:39.063966Z","level":"INFO","message":"    removing Tag(\"distro-result_2\")","target":"iroh_blobs::store::mem"}
{"timestamp":"2026-02-05T19:17:39.065310Z","level":"INFO","message":"Got training assignment for step 5 (round 4/epoch 0): index=0 committee position=0 committee=Trainer witness position=0 witness=true warmup_lr_between=None","integration_test_log_marker":"witness_elected","step":5,"round":4,"epoch":0,"index":0,"comittee_position":0,"committee":"Trainer","witness_position":0,"witness":"true","matformer_tier":0,"warmup_lr_between":"None","assigned_batches":"[B[64, 79]]","target":"psyche_client::state::train"}
{"timestamp":"2026-02-05T19:17:39.072442Z","level":"INFO","message":"grad_diag_full","param_name":"model.layers.0.mlp.down_proj.weight","param_index":3,"num_peers":1,"tier2_weight_sum":0.0,"g0_norm":67.93694305419922,"gagg_norm":67.93289947509766,"delta_norm":0.0,"delta_rel":0.0,"cos_g0_gagg":0.9999403908935597,"gt2_norm":0.0,"cos_g0_t2":0.0,"target":"psyche_modeling::distro"}
{"timestamp":"2026-02-05T19:17:40.060627Z","level":"INFO","message":"Broadcasting payload batch id B[64, 79] hash 0xeee9033a58361faf1127346d91382a3c6f9735ef0820ee4d17eb87a9453525dc","client_id":"8229a8edda","step":5,"target":"psyche_client::client"}
{"timestamp":"2026-02-05T19:17:40.801295Z","level":"INFO","message":"Submitting witness blooms","target":"psyche_client::state::witness"}
{"timestamp":"2026-02-05T19:17:40.801328Z","level":"INFO","message":"Sending opportunistic witness","id":"8229a8edda","merkle":"f41423a657","target":"witness"}
{"timestamp":"2026-02-05T19:17:40.802379Z","level":"INFO","message":"applying state epoch 0 step 5 (Training -> Witness)","integration_test_log_marker":"state_change","client_id":"8229a8edda","old_state":"Training","new_state":"Witness","epoch":0,"step":5,"target":"psyche_client::client"}
{"timestamp":"2026-02-05T19:17:40.802508Z","level":"INFO","message":"client_loss","integration_test_log_marker":"loss","client_id":"8229a8edda","epoch":0,"step":5,"matformer_tier":0,"trained_batches":1,"loss":7.919912338256836,"target":"psyche_client::state::steps"}
{"timestamp":"2026-02-05T19:18:00.062946Z","level":"INFO","message":"applying state epoch 0 step 6 (Witness -> Training)","integration_test_log_marker":"state_change","client_id":"8229a8edda","old_state":"Witness","new_state":"Training","epoch":0,"step":6,"target":"psyche_client::client"}
{"timestamp":"2026-02-05T19:18:00.063058Z","level":"INFO","message":"deleting tags from Some(Tag(\"model-\")) to Some(Tag(\"model.\"))","target":"iroh_blobs::store::mem"}
{"timestamp":"2026-02-05T19:18:00.063100Z","level":"INFO","message":"deleting tags from Some(Tag(\"distro-result_3\")) to Some(Tag(\"distro-result_3\u0000\"))","target":"iroh_blobs::store::mem"}
{"timestamp":"2026-02-05T19:18:00.063110Z","level":"INFO","message":"    removing Tag(\"distro-result_3\")","target":"iroh_blobs::store::mem"}
{"timestamp":"2026-02-05T19:18:00.063908Z","level":"INFO","message":"Got training assignment for step 6 (round 5/epoch 0): index=0 committee position=0 committee=Trainer witness position=0 witness=true warmup_lr_between=None","integration_test_log_marker":"witness_elected","step":6,"round":5,"epoch":0,"index":0,"comittee_position":0,"committee":"Trainer","witness_position":0,"witness":"true","matformer_tier":0,"warmup_lr_between":"None","assigned_batches":"[B[80, 95]]","target":"psyche_client::state::train"}
{"timestamp":"2026-02-05T19:18:00.071251Z","level":"INFO","message":"grad_diag_full","param_name":"model.layers.0.mlp.down_proj.weight","param_index":3,"num_peers":1,"tier2_weight_sum":0.0,"g0_norm":67.93365478515625,"gagg_norm":67.92955780029297,"delta_norm":0.0,"delta_rel":0.0,"cos_g0_gagg":0.9999397932354726,"gt2_norm":0.0,"cos_g0_t2":0.0,"target":"psyche_modeling::distro"}
{"timestamp":"2026-02-05T19:18:01.072110Z","level":"INFO","message":"Broadcasting payload batch id B[80, 95] hash 0xf8781e3de49ddaabd08469f92fb357311a1882c31eaaa1076343d662acf1c979","client_id":"8229a8edda","step":6,"target":"psyche_client::client"}
{"timestamp":"2026-02-05T19:18:01.801260Z","level":"INFO","message":"Submitting witness blooms","target":"psyche_client::state::witness"}
{"timestamp":"2026-02-05T19:18:01.801319Z","level":"INFO","message":"Sending opportunistic witness","id":"8229a8edda","merkle":"d459d80d55","target":"witness"}
{"timestamp":"2026-02-05T19:18:01.802046Z","level":"INFO","message":"applying state epoch 0 step 6 (Training -> Witness)","integration_test_log_marker":"state_change","client_id":"8229a8edda","old_state":"Training","new_state":"Witness","epoch":0,"step":6,"target":"psyche_client::client"}
{"timestamp":"2026-02-05T19:18:01.802150Z","level":"INFO","message":"client_loss","integration_test_log_marker":"loss","client_id":"8229a8edda","epoch":0,"step":6,"matformer_tier":0,"trained_batches":1,"loss":8.294589042663574,"target":"psyche_client::state::steps"}
{"timestamp":"2026-02-05T19:18:21.063222Z","level":"INFO","message":"applying state epoch 0 step 7 (Witness -> Training)","integration_test_log_marker":"state_change","client_id":"8229a8edda","old_state":"Witness","new_state":"Training","epoch":0,"step":7,"target":"psyche_client::client"}
{"timestamp":"2026-02-05T19:18:21.063326Z","level":"INFO","message":"deleting tags from Some(Tag(\"model-\")) to Some(Tag(\"model.\"))","target":"iroh_blobs::store::mem"}
{"timestamp":"2026-02-05T19:18:21.063368Z","level":"INFO","message":"deleting tags from Some(Tag(\"distro-result_4\")) to Some(Tag(\"distro-result_4\u0000\"))","target":"iroh_blobs::store::mem"}
{"timestamp":"2026-02-05T19:18:21.063379Z","level":"INFO","message":"    removing Tag(\"distro-result_4\")","target":"iroh_blobs::store::mem"}
{"timestamp":"2026-02-05T19:18:21.064705Z","level":"INFO","message":"Got training assignment for step 7 (round 6/epoch 0): index=0 committee position=0 committee=Trainer witness position=0 witness=true warmup_lr_between=None","integration_test_log_marker":"witness_elected","step":7,"round":6,"epoch":0,"index":0,"comittee_position":0,"committee":"Trainer","witness_position":0,"witness":"true","matformer_tier":0,"warmup_lr_between":"None","assigned_batches":"[B[96, 111]]","target":"psyche_client::state::train"}
{"timestamp":"2026-02-05T19:18:21.071018Z","level":"INFO","message":"grad_diag_full","param_name":"model.layers.0.mlp.down_proj.weight","param_index":3,"num_peers":1,"tier2_weight_sum":0.0,"g0_norm":67.9351577758789,"gagg_norm":67.93094635009766,"delta_norm":0.0,"delta_rel":0.0,"cos_g0_gagg":0.9999379668170365,"gt2_norm":0.0,"cos_g0_t2":0.0,"target":"psyche_modeling::distro"}
{"timestamp":"2026-02-05T19:18:22.068904Z","level":"INFO","message":"Broadcasting payload batch id B[96, 111] hash 0x90978d11ee0a7466f8e0a00d6644a9ff05401b2a496dccd0fa0f1ec89182ca12","client_id":"8229a8edda","step":7,"target":"psyche_client::client"}
{"timestamp":"2026-02-05T19:18:22.801102Z","level":"INFO","message":"Submitting witness blooms","target":"psyche_client::state::witness"}
{"timestamp":"2026-02-05T19:18:22.801144Z","level":"INFO","message":"Sending opportunistic witness","id":"8229a8edda","merkle":"53e7b0242c","target":"witness"}
{"timestamp":"2026-02-05T19:18:22.802034Z","level":"INFO","message":"applying state epoch 0 step 7 (Training -> Witness)","integration_test_log_marker":"state_change","client_id":"8229a8edda","old_state":"Training","new_state":"Witness","epoch":0,"step":7,"target":"psyche_client::client"}
{"timestamp":"2026-02-05T19:18:22.802218Z","level":"INFO","message":"client_loss","integration_test_log_marker":"loss","client_id":"8229a8edda","epoch":0,"step":7,"matformer_tier":0,"trained_batches":1,"loss":8.012575149536133,"target":"psyche_client::state::steps"}
{"timestamp":"2026-02-05T19:18:42.062509Z","level":"INFO","message":"applying state epoch 0 step 8 (Witness -> Training)","integration_test_log_marker":"state_change","client_id":"8229a8edda","old_state":"Witness","new_state":"Training","epoch":0,"step":8,"target":"psyche_client::client"}
{"timestamp":"2026-02-05T19:18:42.063105Z","level":"INFO","message":"deleting tags from Some(Tag(\"model-\")) to Some(Tag(\"model.\"))","target":"iroh_blobs::store::mem"}
{"timestamp":"2026-02-05T19:18:42.063153Z","level":"INFO","message":"deleting tags from Some(Tag(\"distro-result_5\")) to Some(Tag(\"distro-result_5\u0000\"))","target":"iroh_blobs::store::mem"}
{"timestamp":"2026-02-05T19:18:42.063165Z","level":"INFO","message":"    removing Tag(\"distro-result_5\")","target":"iroh_blobs::store::mem"}
{"timestamp":"2026-02-05T19:18:42.064777Z","level":"INFO","message":"Got training assignment for step 8 (round 7/epoch 0): index=0 committee position=0 committee=Trainer witness position=0 witness=true warmup_lr_between=None","integration_test_log_marker":"witness_elected","step":8,"round":7,"epoch":0,"index":0,"comittee_position":0,"committee":"Trainer","witness_position":0,"witness":"true","matformer_tier":0,"warmup_lr_between":"None","assigned_batches":"[B[112, 127]]","target":"psyche_client::state::train"}
{"timestamp":"2026-02-05T19:18:42.071753Z","level":"INFO","message":"grad_diag_full","param_name":"model.layers.0.mlp.down_proj.weight","param_index":3,"num_peers":1,"tier2_weight_sum":0.0,"g0_norm":67.93396759033203,"gagg_norm":67.92984008789062,"delta_norm":0.0,"delta_rel":0.0,"cos_g0_gagg":0.9999391809493079,"gt2_norm":0.0,"cos_g0_t2":0.0,"target":"psyche_modeling::distro"}
{"timestamp":"2026-02-05T19:18:43.056774Z","level":"INFO","message":"Broadcasting payload batch id B[112, 127] hash 0x121afe9fcdb2bc3839ed4031984034af9319b2ea6e75bd94a176d913b0f898c7","client_id":"8229a8edda","step":8,"target":"psyche_client::client"}
{"timestamp":"2026-02-05T19:18:43.800693Z","level":"INFO","message":"Submitting witness blooms","target":"psyche_client::state::witness"}
{"timestamp":"2026-02-05T19:18:43.800813Z","level":"INFO","message":"Sending opportunistic witness","id":"8229a8edda","merkle":"271c52ac20","target":"witness"}
{"timestamp":"2026-02-05T19:18:43.802093Z","level":"INFO","message":"applying state epoch 0 step 8 (Training -> Witness)","integration_test_log_marker":"state_change","client_id":"8229a8edda","old_state":"Training","new_state":"Witness","epoch":0,"step":8,"target":"psyche_client::client"}
{"timestamp":"2026-02-05T19:18:43.802238Z","level":"INFO","message":"client_loss","integration_test_log_marker":"loss","client_id":"8229a8edda","epoch":0,"step":8,"matformer_tier":0,"trained_batches":1,"loss":8.176974296569824,"target":"psyche_client::state::steps"}
{"timestamp":"2026-02-05T19:19:03.062777Z","level":"INFO","message":"applying state epoch 0 step 9 (Witness -> Training)","integration_test_log_marker":"state_change","client_id":"8229a8edda","old_state":"Witness","new_state":"Training","epoch":0,"step":9,"target":"psyche_client::client"}
{"timestamp":"2026-02-05T19:19:03.062893Z","level":"INFO","message":"deleting tags from Some(Tag(\"model-\")) to Some(Tag(\"model.\"))","target":"iroh_blobs::store::mem"}
{"timestamp":"2026-02-05T19:19:03.062934Z","level":"INFO","message":"deleting tags from Some(Tag(\"distro-result_6\")) to Some(Tag(\"distro-result_6\u0000\"))","target":"iroh_blobs::store::mem"}
{"timestamp":"2026-02-05T19:19:03.062946Z","level":"INFO","message":"    removing Tag(\"distro-result_6\")","target":"iroh_blobs::store::mem"}
{"timestamp":"2026-02-05T19:19:03.064366Z","level":"INFO","message":"Got training assignment for step 9 (round 8/epoch 0): index=0 committee position=0 committee=Trainer witness position=0 witness=true warmup_lr_between=None","integration_test_log_marker":"witness_elected","step":9,"round":8,"epoch":0,"index":0,"comittee_position":0,"committee":"Trainer","witness_position":0,"witness":"true","matformer_tier":0,"warmup_lr_between":"None","assigned_batches":"[B[128, 143]]","target":"psyche_client::state::train"}
{"timestamp":"2026-02-05T19:19:03.070632Z","level":"INFO","message":"grad_diag_full","param_name":"model.layers.0.mlp.down_proj.weight","param_index":3,"num_peers":1,"tier2_weight_sum":0.0,"g0_norm":67.9317626953125,"gagg_norm":67.92738342285156,"delta_norm":0.0,"delta_rel":0.0,"cos_g0_gagg":0.9999354231951914,"gt2_norm":0.0,"cos_g0_t2":0.0,"target":"psyche_modeling::distro"}
{"timestamp":"2026-02-05T19:19:04.063022Z","level":"INFO","message":"Broadcasting payload batch id B[128, 143] hash 0x0360cb9e6e065d70769da0a13c9033e03e4fc9731d62ac15e39e6d503d5bcb67","client_id":"8229a8edda","step":9,"target":"psyche_client::client"}
{"timestamp":"2026-02-05T19:19:04.801389Z","level":"INFO","message":"Submitting witness blooms","target":"psyche_client::state::witness"}
{"timestamp":"2026-02-05T19:19:04.801433Z","level":"INFO","message":"Sending opportunistic witness","id":"8229a8edda","merkle":"1b0db2286c","target":"witness"}
{"timestamp":"2026-02-05T19:19:04.802467Z","level":"INFO","message":"applying state epoch 0 step 9 (Training -> Witness)","integration_test_log_marker":"state_change","client_id":"8229a8edda","old_state":"Training","new_state":"Witness","epoch":0,"step":9,"target":"psyche_client::client"}
{"timestamp":"2026-02-05T19:19:04.802852Z","level":"INFO","message":"client_loss","integration_test_log_marker":"loss","client_id":"8229a8edda","epoch":0,"step":9,"matformer_tier":0,"trained_batches":1,"loss":7.875194549560547,"target":"psyche_client::state::steps"}
{"timestamp":"2026-02-05T19:19:24.062611Z","level":"INFO","message":"applying state epoch 0 step 10 (Witness -> Training)","integration_test_log_marker":"state_change","client_id":"8229a8edda","old_state":"Witness","new_state":"Training","epoch":0,"step":10,"target":"psyche_client::client"}
{"timestamp":"2026-02-05T19:19:24.062757Z","level":"INFO","message":"deleting tags from Some(Tag(\"model-\")) to Some(Tag(\"model.\"))","target":"iroh_blobs::store::mem"}
{"timestamp":"2026-02-05T19:19:24.062803Z","level":"INFO","message":"deleting tags from Some(Tag(\"distro-result_7\")) to Some(Tag(\"distro-result_7\u0000\"))","target":"iroh_blobs::store::mem"}
{"timestamp":"2026-02-05T19:19:24.062814Z","level":"INFO","message":"    removing Tag(\"distro-result_7\")","target":"iroh_blobs::store::mem"}
{"timestamp":"2026-02-05T19:19:24.064081Z","level":"INFO","message":"Got training assignment for step 10 (round 9/epoch 0): index=0 committee position=0 committee=Trainer witness position=0 witness=true warmup_lr_between=None","integration_test_log_marker":"witness_elected","step":10,"round":9,"epoch":0,"index":0,"comittee_position":0,"committee":"Trainer","witness_position":0,"witness":"true","matformer_tier":0,"warmup_lr_between":"None","assigned_batches":"[B[144, 159]]","target":"psyche_client::state::train"}
{"timestamp":"2026-02-05T19:19:24.070328Z","level":"INFO","message":"grad_diag_full","param_name":"model.layers.0.mlp.down_proj.weight","param_index":3,"num_peers":1,"tier2_weight_sum":0.0,"g0_norm":67.93190002441406,"gagg_norm":67.92768096923828,"delta_norm":0.0,"delta_rel":0.0,"cos_g0_gagg":0.9999378043973245,"gt2_norm":0.0,"cos_g0_t2":0.0,"target":"psyche_modeling::distro"}
{"timestamp":"2026-02-05T19:19:25.084412Z","level":"INFO","message":"Broadcasting payload batch id B[144, 159] hash 0x0705a27811a6ca51460e92a501372d41deef2ca6279b37eaf729903f564b4444","client_id":"8229a8edda","step":10,"target":"psyche_client::client"}
{"timestamp":"2026-02-05T19:19:25.801018Z","level":"INFO","message":"Submitting witness blooms","target":"psyche_client::state::witness"}
{"timestamp":"2026-02-05T19:19:25.801589Z","level":"INFO","message":"Sending opportunistic witness","id":"8229a8edda","merkle":"f9bf58922a","target":"witness"}
{"timestamp":"2026-02-05T19:19:25.802341Z","level":"INFO","message":"applying state epoch 0 step 10 (Training -> Witness)","integration_test_log_marker":"state_change","client_id":"8229a8edda","old_state":"Training","new_state":"Witness","epoch":0,"step":10,"target":"psyche_client::client"}
{"timestamp":"2026-02-05T19:19:25.802525Z","level":"INFO","message":"client_loss","integration_test_log_marker":"loss","client_id":"8229a8edda","epoch":0,"step":10,"matformer_tier":0,"trained_batches":1,"loss":7.6076788902282715,"target":"psyche_client::state::steps"}
{"timestamp":"2026-02-05T19:19:45.062684Z","level":"INFO","message":"applying state epoch 0 step 11 (Witness -> Training)","integration_test_log_marker":"state_change","client_id":"8229a8edda","old_state":"Witness","new_state":"Training","epoch":0,"step":11,"target":"psyche_client::client"}
{"timestamp":"2026-02-05T19:19:45.062846Z","level":"INFO","message":"deleting tags from Some(Tag(\"model-\")) to Some(Tag(\"model.\"))","target":"iroh_blobs::store::mem"}
{"timestamp":"2026-02-05T19:19:45.062894Z","level":"INFO","message":"deleting tags from Some(Tag(\"distro-result_8\")) to Some(Tag(\"distro-result_8\u0000\"))","target":"iroh_blobs::store::mem"}
{"timestamp":"2026-02-05T19:19:45.062905Z","level":"INFO","message":"    removing Tag(\"distro-result_8\")","target":"iroh_blobs::store::mem"}
{"timestamp":"2026-02-05T19:19:45.063802Z","level":"INFO","message":"Got training assignment for step 11 (round 10/epoch 0): index=0 committee position=0 committee=Trainer witness position=0 witness=true warmup_lr_between=None","integration_test_log_marker":"witness_elected","step":11,"round":10,"epoch":0,"index":0,"comittee_position":0,"committee":"Trainer","witness_position":0,"witness":"true","matformer_tier":0,"warmup_lr_between":"None","assigned_batches":"[B[160, 175]]","target":"psyche_client::state::train"}
{"timestamp":"2026-02-05T19:19:45.071418Z","level":"INFO","message":"grad_diag_full","param_name":"model.layers.0.mlp.down_proj.weight","param_index":3,"num_peers":1,"tier2_weight_sum":0.0,"g0_norm":67.93212890625,"gagg_norm":67.92796325683594,"delta_norm":0.0,"delta_rel":0.0,"cos_g0_gagg":0.9999386392821437,"gt2_norm":0.0,"cos_g0_t2":0.0,"target":"psyche_modeling::distro"}
{"timestamp":"2026-02-05T19:19:46.063094Z","level":"INFO","message":"Broadcasting payload batch id B[160, 175] hash 0x23394dd4017261ec2a7573a23a1665a19df747f531493cd8d2166114b59858a0","client_id":"8229a8edda","step":11,"target":"psyche_client::client"}
{"timestamp":"2026-02-05T19:19:46.800940Z","level":"INFO","message":"Submitting witness blooms","target":"psyche_client::state::witness"}
{"timestamp":"2026-02-05T19:19:46.800986Z","level":"INFO","message":"Sending opportunistic witness","id":"8229a8edda","merkle":"a6366ee4b8","target":"witness"}
{"timestamp":"2026-02-05T19:19:46.801935Z","level":"INFO","message":"applying state epoch 0 step 11 (Training -> Witness)","integration_test_log_marker":"state_change","client_id":"8229a8edda","old_state":"Training","new_state":"Witness","epoch":0,"step":11,"target":"psyche_client::client"}
{"timestamp":"2026-02-05T19:19:46.802115Z","level":"INFO","message":"client_loss","integration_test_log_marker":"loss","client_id":"8229a8edda","epoch":0,"step":11,"matformer_tier":0,"trained_batches":1,"loss":7.293231010437012,"target":"psyche_client::state::steps"}
{"timestamp":"2026-02-05T19:20:06.063018Z","level":"INFO","message":"applying state epoch 0 step 12 (Witness -> Training)","integration_test_log_marker":"state_change","client_id":"8229a8edda","old_state":"Witness","new_state":"Training","epoch":0,"step":12,"target":"psyche_client::client"}
{"timestamp":"2026-02-05T19:20:06.063114Z","level":"INFO","message":"deleting tags from Some(Tag(\"model-\")) to Some(Tag(\"model.\"))","target":"iroh_blobs::store::mem"}
{"timestamp":"2026-02-05T19:20:06.063160Z","level":"INFO","message":"deleting tags from Some(Tag(\"distro-result_9\")) to Some(Tag(\"distro-result_9\u0000\"))","target":"iroh_blobs::store::mem"}
{"timestamp":"2026-02-05T19:20:06.063171Z","level":"INFO","message":"    removing Tag(\"distro-result_9\")","target":"iroh_blobs::store::mem"}
{"timestamp":"2026-02-05T19:20:06.064026Z","level":"INFO","message":"Got training assignment for step 12 (round 11/epoch 0): index=0 committee position=0 committee=Trainer witness position=0 witness=true warmup_lr_between=None","integration_test_log_marker":"witness_elected","step":12,"round":11,"epoch":0,"index":0,"comittee_position":0,"committee":"Trainer","witness_position":0,"witness":"true","matformer_tier":0,"warmup_lr_between":"None","assigned_batches":"[B[176, 191]]","target":"psyche_client::state::train"}
{"timestamp":"2026-02-05T19:20:06.071175Z","level":"INFO","message":"grad_diag_full","param_name":"model.layers.0.mlp.down_proj.weight","param_index":3,"num_peers":1,"tier2_weight_sum":0.0,"g0_norm":67.93446350097656,"gagg_norm":67.93019104003906,"delta_norm":0.0,"delta_rel":0.0,"cos_g0_gagg":0.9999371904985971,"gt2_norm":0.0,"cos_g0_t2":0.0,"target":"psyche_modeling::distro"}
{"timestamp":"2026-02-05T19:20:07.055278Z","level":"INFO","message":"Broadcasting payload batch id B[176, 191] hash 0x9e2ca338d32354eeb0799c095b990255131d9594923e8c55cab277683f1e2150","client_id":"8229a8edda","step":12,"target":"psyche_client::client"}
{"timestamp":"2026-02-05T19:20:07.800843Z","level":"INFO","message":"Submitting witness blooms","target":"psyche_client::state::witness"}
{"timestamp":"2026-02-05T19:20:07.800889Z","level":"INFO","message":"Sending opportunistic witness","id":"8229a8edda","merkle":"7bc1d415dd","target":"witness"}
{"timestamp":"2026-02-05T19:20:07.802202Z","level":"INFO","message":"applying state epoch 0 step 12 (Training -> Witness)","integration_test_log_marker":"state_change","client_id":"8229a8edda","old_state":"Training","new_state":"Witness","epoch":0,"step":12,"target":"psyche_client::client"}
{"timestamp":"2026-02-05T19:20:07.802382Z","level":"INFO","message":"client_loss","integration_test_log_marker":"loss","client_id":"8229a8edda","epoch":0,"step":12,"matformer_tier":0,"trained_batches":1,"loss":7.119458198547363,"target":"psyche_client::state::steps"}
{"timestamp":"2026-02-05T19:20:27.062425Z","level":"INFO","message":"applying state epoch 0 step 13 (Witness -> Training)","integration_test_log_marker":"state_change","client_id":"8229a8edda","old_state":"Witness","new_state":"Training","epoch":0,"step":13,"target":"psyche_client::client"}
{"timestamp":"2026-02-05T19:20:27.062518Z","level":"INFO","message":"deleting tags from Some(Tag(\"model-\")) to Some(Tag(\"model.\"))","target":"iroh_blobs::store::mem"}
{"timestamp":"2026-02-05T19:20:27.062562Z","level":"INFO","message":"deleting tags from Some(Tag(\"distro-result_10\")) to Some(Tag(\"distro-result_10\u0000\"))","target":"iroh_blobs::store::mem"}
{"timestamp":"2026-02-05T19:20:27.062573Z","level":"INFO","message":"    removing Tag(\"distro-result_10\")","target":"iroh_blobs::store::mem"}
{"timestamp":"2026-02-05T19:20:27.063501Z","level":"INFO","message":"Got training assignment for step 13 (round 12/epoch 0): index=0 committee position=0 committee=Trainer witness position=0 witness=true warmup_lr_between=None","integration_test_log_marker":"witness_elected","step":13,"round":12,"epoch":0,"index":0,"comittee_position":0,"committee":"Trainer","witness_position":0,"witness":"true","matformer_tier":0,"warmup_lr_between":"None","assigned_batches":"[B[192, 207]]","target":"psyche_client::state::train"}
{"timestamp":"2026-02-05T19:20:27.070469Z","level":"INFO","message":"grad_diag_full","param_name":"model.layers.0.mlp.down_proj.weight","param_index":3,"num_peers":1,"tier2_weight_sum":0.0,"g0_norm":67.9318618774414,"gagg_norm":67.92769622802734,"delta_norm":0.0,"delta_rel":0.0,"cos_g0_gagg":0.9999386703689505,"gt2_norm":0.0,"cos_g0_t2":0.0,"target":"psyche_modeling::distro"}
{"timestamp":"2026-02-05T19:20:28.052670Z","level":"INFO","message":"Broadcasting payload batch id B[192, 207] hash 0x9f9cb848cd5fb5be57f2b01b3206026ece5b138888e4c64fb9fcde267959f2d2","client_id":"8229a8edda","step":13,"target":"psyche_client::client"}
{"timestamp":"2026-02-05T19:20:28.801366Z","level":"INFO","message":"Submitting witness blooms","target":"psyche_client::state::witness"}
{"timestamp":"2026-02-05T19:20:28.801409Z","level":"INFO","message":"Sending opportunistic witness","id":"8229a8edda","merkle":"4eb3932960","target":"witness"}
{"timestamp":"2026-02-05T19:20:28.802615Z","level":"INFO","message":"applying state epoch 0 step 13 (Training -> Witness)","integration_test_log_marker":"state_change","client_id":"8229a8edda","old_state":"Training","new_state":"Witness","epoch":0,"step":13,"target":"psyche_client::client"}
{"timestamp":"2026-02-05T19:20:28.802702Z","level":"INFO","message":"client_loss","integration_test_log_marker":"loss","client_id":"8229a8edda","epoch":0,"step":13,"matformer_tier":0,"trained_batches":1,"loss":7.006654739379883,"target":"psyche_client::state::steps"}
{"timestamp":"2026-02-05T19:20:48.063389Z","level":"INFO","message":"applying state epoch 0 step 14 (Witness -> Training)","integration_test_log_marker":"state_change","client_id":"8229a8edda","old_state":"Witness","new_state":"Training","epoch":0,"step":14,"target":"psyche_client::client"}
{"timestamp":"2026-02-05T19:20:48.063904Z","level":"INFO","message":"deleting tags from Some(Tag(\"model-\")) to Some(Tag(\"model.\"))","target":"iroh_blobs::store::mem"}
{"timestamp":"2026-02-05T19:20:48.063967Z","level":"INFO","message":"deleting tags from Some(Tag(\"distro-result_11\")) to Some(Tag(\"distro-result_11\u0000\"))","target":"iroh_blobs::store::mem"}
{"timestamp":"2026-02-05T19:20:48.063979Z","level":"INFO","message":"    removing Tag(\"distro-result_11\")","target":"iroh_blobs::store::mem"}
{"timestamp":"2026-02-05T19:20:48.065666Z","level":"INFO","message":"Got training assignment for step 14 (round 13/epoch 0): index=0 committee position=0 committee=Trainer witness position=0 witness=true warmup_lr_between=None","integration_test_log_marker":"witness_elected","step":14,"round":13,"epoch":0,"index":0,"comittee_position":0,"committee":"Trainer","witness_position":0,"witness":"true","matformer_tier":0,"warmup_lr_between":"None","assigned_batches":"[B[208, 223]]","target":"psyche_client::state::train"}
{"timestamp":"2026-02-05T19:20:48.071944Z","level":"INFO","message":"grad_diag_full","param_name":"model.layers.0.mlp.down_proj.weight","param_index":3,"num_peers":1,"tier2_weight_sum":0.0,"g0_norm":67.93177795410156,"gagg_norm":67.92753601074219,"delta_norm":0.0,"delta_rel":0.0,"cos_g0_gagg":0.9999375024891658,"gt2_norm":0.0,"cos_g0_t2":0.0,"target":"psyche_modeling::distro"}
{"timestamp":"2026-02-05T19:20:49.053447Z","level":"INFO","message":"Broadcasting payload batch id B[208, 223] hash 0x909b9fcf14a1aec3edbd4de09de44af43f646d746147136c89797d3d7d422340","client_id":"8229a8edda","step":14,"target":"psyche_client::client"}
{"timestamp":"2026-02-05T19:20:49.801380Z","level":"INFO","message":"Submitting witness blooms","target":"psyche_client::state::witness"}
{"timestamp":"2026-02-05T19:20:49.801417Z","level":"INFO","message":"Sending opportunistic witness","id":"8229a8edda","merkle":"115cd7314a","target":"witness"}
{"timestamp":"2026-02-05T19:20:49.802099Z","level":"INFO","message":"applying state epoch 0 step 14 (Training -> Witness)","integration_test_log_marker":"state_change","client_id":"8229a8edda","old_state":"Training","new_state":"Witness","epoch":0,"step":14,"target":"psyche_client::client"}
{"timestamp":"2026-02-05T19:20:49.802252Z","level":"INFO","message":"client_loss","integration_test_log_marker":"loss","client_id":"8229a8edda","epoch":0,"step":14,"matformer_tier":0,"trained_batches":1,"loss":6.928717613220215,"target":"psyche_client::state::steps"}
{"timestamp":"2026-02-05T19:21:06.125516Z","level":"INFO","message":"home is now relay https://use1-1.relay.nousresearch.psyche.iroh.link./, was Some(RelayUrl(\"https://usw1-1.relay.nousresearch.psyche.iroh.link./\"))","target":"iroh::magicsock::transports::relay::actor","span":{"name":"relay-actor"},"spans":[{"name":"relay-actor"}]}
{"timestamp":"2026-02-05T19:21:09.062795Z","level":"INFO","message":"applying state epoch 0 step 15 (Witness -> Training)","integration_test_log_marker":"state_change","client_id":"8229a8edda","old_state":"Witness","new_state":"Training","epoch":0,"step":15,"target":"psyche_client::client"}
{"timestamp":"2026-02-05T19:21:09.062887Z","level":"INFO","message":"deleting tags from Some(Tag(\"model-\")) to Some(Tag(\"model.\"))","target":"iroh_blobs::store::mem"}
{"timestamp":"2026-02-05T19:21:09.062932Z","level":"INFO","message":"deleting tags from Some(Tag(\"distro-result_12\")) to Some(Tag(\"distro-result_12\u0000\"))","target":"iroh_blobs::store::mem"}
{"timestamp":"2026-02-05T19:21:09.062943Z","level":"INFO","message":"    removing Tag(\"distro-result_12\")","target":"iroh_blobs::store::mem"}
{"timestamp":"2026-02-05T19:21:09.064460Z","level":"INFO","message":"Got training assignment for step 15 (round 14/epoch 0): index=0 committee position=0 committee=Trainer witness position=0 witness=true warmup_lr_between=None","integration_test_log_marker":"witness_elected","step":15,"round":14,"epoch":0,"index":0,"comittee_position":0,"committee":"Trainer","witness_position":0,"witness":"true","matformer_tier":0,"warmup_lr_between":"None","assigned_batches":"[B[224, 239]]","target":"psyche_client::state::train"}
{"timestamp":"2026-02-05T19:21:09.071205Z","level":"INFO","message":"grad_diag_full","param_name":"model.layers.0.mlp.down_proj.weight","param_index":3,"num_peers":1,"tier2_weight_sum":0.0,"g0_norm":67.93124389648438,"gagg_norm":67.9268569946289,"delta_norm":0.0,"delta_rel":0.0,"cos_g0_gagg":0.9999353598978088,"gt2_norm":0.0,"cos_g0_t2":0.0,"target":"psyche_modeling::distro"}
{"timestamp":"2026-02-05T19:21:10.062425Z","level":"INFO","message":"Broadcasting payload batch id B[224, 239] hash 0xe499a0992cc3f23b9ee09822faebbd8b4045569b7e39a16fe7a974279fb335f6","client_id":"8229a8edda","step":15,"target":"psyche_client::client"}
{"timestamp":"2026-02-05T19:21:10.801282Z","level":"INFO","message":"Submitting witness blooms","target":"psyche_client::state::witness"}
{"timestamp":"2026-02-05T19:21:10.801369Z","level":"INFO","message":"Sending opportunistic witness","id":"8229a8edda","merkle":"69f3fd8bf3","target":"witness"}
{"timestamp":"2026-02-05T19:21:10.802123Z","level":"INFO","message":"applying state epoch 0 step 15 (Training -> Witness)","integration_test_log_marker":"state_change","client_id":"8229a8edda","old_state":"Training","new_state":"Witness","epoch":0,"step":15,"target":"psyche_client::client"}
{"timestamp":"2026-02-05T19:21:10.802281Z","level":"INFO","message":"client_loss","integration_test_log_marker":"loss","client_id":"8229a8edda","epoch":0,"step":15,"matformer_tier":0,"trained_batches":1,"loss":6.973485469818115,"target":"psyche_client::state::steps"}
{"timestamp":"2026-02-05T19:21:30.063270Z","level":"INFO","message":"applying state epoch 0 step 16 (Witness -> Training)","integration_test_log_marker":"state_change","client_id":"8229a8edda","old_state":"Witness","new_state":"Training","epoch":0,"step":16,"target":"psyche_client::client"}
{"timestamp":"2026-02-05T19:21:30.063391Z","level":"INFO","message":"deleting tags from Some(Tag(\"model-\")) to Some(Tag(\"model.\"))","target":"iroh_blobs::store::mem"}
{"timestamp":"2026-02-05T19:21:30.063435Z","level":"INFO","message":"deleting tags from Some(Tag(\"distro-result_13\")) to Some(Tag(\"distro-result_13\u0000\"))","target":"iroh_blobs::store::mem"}
{"timestamp":"2026-02-05T19:21:30.063447Z","level":"INFO","message":"    removing Tag(\"distro-result_13\")","target":"iroh_blobs::store::mem"}
{"timestamp":"2026-02-05T19:21:30.064938Z","level":"INFO","message":"Got training assignment for step 16 (round 15/epoch 0): index=0 committee position=0 committee=Trainer witness position=0 witness=true warmup_lr_between=None","integration_test_log_marker":"witness_elected","step":16,"round":15,"epoch":0,"index":0,"comittee_position":0,"committee":"Trainer","witness_position":0,"witness":"true","matformer_tier":0,"warmup_lr_between":"None","assigned_batches":"[B[240, 255]]","target":"psyche_client::state::train"}
{"timestamp":"2026-02-05T19:21:30.071633Z","level":"INFO","message":"grad_diag_full","param_name":"model.layers.0.mlp.down_proj.weight","param_index":3,"num_peers":1,"tier2_weight_sum":0.0,"g0_norm":67.93208312988281,"gagg_norm":67.92781829833984,"delta_norm":0.0,"delta_rel":0.0,"cos_g0_gagg":0.9999372143719456,"gt2_norm":0.0,"cos_g0_t2":0.0,"target":"psyche_modeling::distro"}
{"timestamp":"2026-02-05T19:21:30.882779Z","level":"INFO","message":"home is now relay https://usw1-1.relay.nousresearch.psyche.iroh.link./, was Some(RelayUrl(\"https://use1-1.relay.nousresearch.psyche.iroh.link./\"))","target":"iroh::magicsock::transports::relay::actor","span":{"name":"relay-actor"},"spans":[{"name":"relay-actor"}]}
{"timestamp":"2026-02-05T19:21:31.081942Z","level":"INFO","message":"Broadcasting payload batch id B[240, 255] hash 0x170111d353ff2727d5c069567217b23bd816b20ec401d2569351b31eec1ecaa8","client_id":"8229a8edda","step":16,"target":"psyche_client::client"}
{"timestamp":"2026-02-05T19:21:31.800698Z","level":"INFO","message":"Submitting witness blooms","target":"psyche_client::state::witness"}
{"timestamp":"2026-02-05T19:21:31.800789Z","level":"INFO","message":"Sending opportunistic witness","id":"8229a8edda","merkle":"4502e7de93","target":"witness"}
{"timestamp":"2026-02-05T19:21:31.801519Z","level":"INFO","message":"applying state epoch 0 step 16 (Training -> Witness)","integration_test_log_marker":"state_change","client_id":"8229a8edda","old_state":"Training","new_state":"Witness","epoch":0,"step":16,"target":"psyche_client::client"}
{"timestamp":"2026-02-05T19:21:31.801649Z","level":"INFO","message":"client_loss","integration_test_log_marker":"loss","client_id":"8229a8edda","epoch":0,"step":16,"matformer_tier":0,"trained_batches":1,"loss":7.047247886657715,"target":"psyche_client::state::steps"}
{"timestamp":"2026-02-05T19:21:51.062521Z","level":"INFO","message":"applying state epoch 0 step 17 (Witness -> Training)","integration_test_log_marker":"state_change","client_id":"8229a8edda","old_state":"Witness","new_state":"Training","epoch":0,"step":17,"target":"psyche_client::client"}
{"timestamp":"2026-02-05T19:21:51.062636Z","level":"INFO","message":"deleting tags from Some(Tag(\"model-\")) to Some(Tag(\"model.\"))","target":"iroh_blobs::store::mem"}
{"timestamp":"2026-02-05T19:21:51.062681Z","level":"INFO","message":"deleting tags from Some(Tag(\"distro-result_14\")) to Some(Tag(\"distro-result_14\u0000\"))","target":"iroh_blobs::store::mem"}
{"timestamp":"2026-02-05T19:21:51.062693Z","level":"INFO","message":"    removing Tag(\"distro-result_14\")","target":"iroh_blobs::store::mem"}
{"timestamp":"2026-02-05T19:21:51.063813Z","level":"INFO","message":"Got training assignment for step 17 (round 16/epoch 0): index=0 committee position=0 committee=Trainer witness position=0 witness=true warmup_lr_between=None","integration_test_log_marker":"witness_elected","step":17,"round":16,"epoch":0,"index":0,"comittee_position":0,"committee":"Trainer","witness_position":0,"witness":"true","matformer_tier":0,"warmup_lr_between":"None","assigned_batches":"[B[256, 271]]","target":"psyche_client::state::train"}
{"timestamp":"2026-02-05T19:21:51.070387Z","level":"INFO","message":"grad_diag_full","param_name":"model.layers.0.mlp.down_proj.weight","param_index":3,"num_peers":1,"tier2_weight_sum":0.0,"g0_norm":67.93049621582031,"gagg_norm":67.92626953125,"delta_norm":0.0,"delta_rel":0.0,"cos_g0_gagg":0.999937870991321,"gt2_norm":0.0,"cos_g0_t2":0.0,"target":"psyche_modeling::distro"}
{"timestamp":"2026-02-05T19:21:52.053285Z","level":"INFO","message":"Broadcasting payload batch id B[256, 271] hash 0x2c25412b243574835dcc7d2b973d1e28889cafe9bcb16741df80647f7bb675c0","client_id":"8229a8edda","step":17,"target":"psyche_client::client"}
{"timestamp":"2026-02-05T19:21:52.801166Z","level":"INFO","message":"Submitting witness blooms","target":"psyche_client::state::witness"}
{"timestamp":"2026-02-05T19:21:52.801231Z","level":"INFO","message":"Sending opportunistic witness","id":"8229a8edda","merkle":"103555672c","target":"witness"}
{"timestamp":"2026-02-05T19:21:52.802441Z","level":"INFO","message":"applying state epoch 0 step 17 (Training -> Witness)","integration_test_log_marker":"state_change","client_id":"8229a8edda","old_state":"Training","new_state":"Witness","epoch":0,"step":17,"target":"psyche_client::client"}
{"timestamp":"2026-02-05T19:21:52.802628Z","level":"INFO","message":"client_loss","integration_test_log_marker":"loss","client_id":"8229a8edda","epoch":0,"step":17,"matformer_tier":0,"trained_batches":1,"loss":7.174538612365723,"target":"psyche_client::state::steps"}
{"timestamp":"2026-02-05T19:22:12.063043Z","level":"INFO","message":"applying state epoch 0 step 18 (Witness -> Training)","integration_test_log_marker":"state_change","client_id":"8229a8edda","old_state":"Witness","new_state":"Training","epoch":0,"step":18,"target":"psyche_client::client"}
{"timestamp":"2026-02-05T19:22:12.063501Z","level":"INFO","message":"deleting tags from Some(Tag(\"model-\")) to Some(Tag(\"model.\"))","target":"iroh_blobs::store::mem"}
{"timestamp":"2026-02-05T19:22:12.063550Z","level":"INFO","message":"deleting tags from Some(Tag(\"distro-result_15\")) to Some(Tag(\"distro-result_15\u0000\"))","target":"iroh_blobs::store::mem"}
{"timestamp":"2026-02-05T19:22:12.063561Z","level":"INFO","message":"    removing Tag(\"distro-result_15\")","target":"iroh_blobs::store::mem"}
{"timestamp":"2026-02-05T19:22:12.065085Z","level":"INFO","message":"Got training assignment for step 18 (round 17/epoch 0): index=0 committee position=0 committee=Trainer witness position=0 witness=true warmup_lr_between=None","integration_test_log_marker":"witness_elected","step":18,"round":17,"epoch":0,"index":0,"comittee_position":0,"committee":"Trainer","witness_position":0,"witness":"true","matformer_tier":0,"warmup_lr_between":"None","assigned_batches":"[B[272, 287]]","target":"psyche_client::state::train"}
{"timestamp":"2026-02-05T19:22:12.071442Z","level":"INFO","message":"grad_diag_full","param_name":"model.layers.0.mlp.down_proj.weight","param_index":3,"num_peers":1,"tier2_weight_sum":0.0,"g0_norm":67.93408966064453,"gagg_norm":67.92986297607422,"delta_norm":0.0,"delta_rel":0.0,"cos_g0_gagg":0.9999377879090905,"gt2_norm":0.0,"cos_g0_t2":0.0,"target":"psyche_modeling::distro"}
{"timestamp":"2026-02-05T19:22:13.052280Z","level":"INFO","message":"Broadcasting payload batch id B[272, 287] hash 0xa5e7d241700f5e9ce30575e7b751f8b10bdd4279b22d86deebfe77cf3d657598","client_id":"8229a8edda","step":18,"target":"psyche_client::client"}
{"timestamp":"2026-02-05T19:22:13.800618Z","level":"INFO","message":"Submitting witness blooms","target":"psyche_client::state::witness"}
{"timestamp":"2026-02-05T19:22:13.800660Z","level":"INFO","message":"Sending opportunistic witness","id":"8229a8edda","merkle":"b7011b463e","target":"witness"}
{"timestamp":"2026-02-05T19:22:13.801694Z","level":"INFO","message":"applying state epoch 0 step 18 (Training -> Witness)","integration_test_log_marker":"state_change","client_id":"8229a8edda","old_state":"Training","new_state":"Witness","epoch":0,"step":18,"target":"psyche_client::client"}
{"timestamp":"2026-02-05T19:22:13.801894Z","level":"INFO","message":"client_loss","integration_test_log_marker":"loss","client_id":"8229a8edda","epoch":0,"step":18,"matformer_tier":0,"trained_batches":1,"loss":7.311410903930664,"target":"psyche_client::state::steps"}
{"timestamp":"2026-02-05T19:22:33.063022Z","level":"INFO","message":"applying state epoch 0 step 19 (Witness -> Training)","integration_test_log_marker":"state_change","client_id":"8229a8edda","old_state":"Witness","new_state":"Training","epoch":0,"step":19,"target":"psyche_client::client"}
{"timestamp":"2026-02-05T19:22:33.063131Z","level":"INFO","message":"deleting tags from Some(Tag(\"model-\")) to Some(Tag(\"model.\"))","target":"iroh_blobs::store::mem"}
{"timestamp":"2026-02-05T19:22:33.063176Z","level":"INFO","message":"deleting tags from Some(Tag(\"distro-result_16\")) to Some(Tag(\"distro-result_16\u0000\"))","target":"iroh_blobs::store::mem"}
{"timestamp":"2026-02-05T19:22:33.063187Z","level":"INFO","message":"    removing Tag(\"distro-result_16\")","target":"iroh_blobs::store::mem"}
{"timestamp":"2026-02-05T19:22:33.064374Z","level":"INFO","message":"Got training assignment for step 19 (round 18/epoch 0): index=0 committee position=0 committee=Trainer witness position=0 witness=true warmup_lr_between=None","integration_test_log_marker":"witness_elected","step":19,"round":18,"epoch":0,"index":0,"comittee_position":0,"committee":"Trainer","witness_position":0,"witness":"true","matformer_tier":0,"warmup_lr_between":"None","assigned_batches":"[B[288, 303]]","target":"psyche_client::state::train"}
{"timestamp":"2026-02-05T19:22:33.070801Z","level":"INFO","message":"grad_diag_full","param_name":"model.layers.0.mlp.down_proj.weight","param_index":3,"num_peers":1,"tier2_weight_sum":0.0,"g0_norm":67.9317855834961,"gagg_norm":67.92757415771484,"delta_norm":0.0,"delta_rel":0.0,"cos_g0_gagg":0.9999379926135293,"gt2_norm":0.0,"cos_g0_t2":0.0,"target":"psyche_modeling::distro"}
{"timestamp":"2026-02-05T19:22:34.053608Z","level":"INFO","message":"Broadcasting payload batch id B[288, 303] hash 0x247e2566584edd97b166fb10629ea929a597be2b9aa276af62f50aaa873128a1","client_id":"8229a8edda","step":19,"target":"psyche_client::client"}
{"timestamp":"2026-02-05T19:22:34.800853Z","level":"INFO","message":"Submitting witness blooms","target":"psyche_client::state::witness"}
{"timestamp":"2026-02-05T19:22:34.800932Z","level":"INFO","message":"Sending opportunistic witness","id":"8229a8edda","merkle":"69e0da4181","target":"witness"}
{"timestamp":"2026-02-05T19:22:34.801623Z","level":"INFO","message":"applying state epoch 0 step 19 (Training -> Witness)","integration_test_log_marker":"state_change","client_id":"8229a8edda","old_state":"Training","new_state":"Witness","epoch":0,"step":19,"target":"psyche_client::client"}
{"timestamp":"2026-02-05T19:22:34.801764Z","level":"INFO","message":"client_loss","integration_test_log_marker":"loss","client_id":"8229a8edda","epoch":0,"step":19,"matformer_tier":0,"trained_batches":1,"loss":7.4318647384643555,"target":"psyche_client::state::steps"}
{"timestamp":"2026-02-05T19:22:54.062538Z","level":"INFO","message":"applying state epoch 0 step 20 (Witness -> Cooldown)","integration_test_log_marker":"state_change","client_id":"8229a8edda","old_state":"Witness","new_state":"Cooldown","epoch":0,"step":20,"target":"psyche_client::client"}
{"timestamp":"2026-02-05T19:22:54.062867Z","level":"INFO","message":"Extracting full model...","target":"psyche_client::state::cooldown","span":{"name":"checkpointing"},"spans":[{"name":"checkpointing"}]}
{"timestamp":"2026-02-05T19:22:54.286846Z","level":"INFO","message":"Model extracted; 111 parameters","target":"psyche_client::state::cooldown"}
{"timestamp":"2026-02-05T19:23:04.062650Z","level":"INFO","message":"applying state epoch 1 step 20 (Cooldown -> Finished)","integration_test_log_marker":"state_change","client_id":"8229a8edda","old_state":"Cooldown","new_state":"Finished","epoch":1,"step":20,"target":"psyche_client::client"}
{"timestamp":"2026-02-05T19:23:04.184884Z","level":"INFO","message":"Download manager channel closed - shutting down.","target":"psyche_network::download_manager"}
Error: Failed to run step: Desync: we're in step Cooldown but next RunState is Finished

Caused by:
    Desync: we're in step Cooldown but next RunState is Finished
